{"C:\\Users\\manu_\\Desktop\\TestigosJava\\TestigosDeJava-CtrlStockSuperMami\\src\\index.js":{"path":"C:\\Users\\manu_\\Desktop\\TestigosJava\\TestigosDeJava-CtrlStockSuperMami\\src\\index.js","statementMap":{"0":{"start":{"line":1,"column":16},"end":{"line":1,"column":34}},"1":{"start":{"line":2,"column":13},"end":{"line":2,"column":28}},"2":{"start":{"line":3,"column":15},"end":{"line":3,"column":32}},"3":{"start":{"line":4,"column":17},"end":{"line":4,"column":36}},"4":{"start":{"line":5,"column":18},"end":{"line":5,"column":46}},"5":{"start":{"line":6,"column":18},"end":{"line":6,"column":46}},"6":{"start":{"line":7,"column":21},"end":{"line":7,"column":52}},"7":{"start":{"line":8,"column":25},"end":{"line":8,"column":60}},"8":{"start":{"line":9,"column":23},"end":{"line":9,"column":56}},"9":{"start":{"line":10,"column":19},"end":{"line":10,"column":48}},"10":{"start":{"line":11,"column":19},"end":{"line":11,"column":48}},"11":{"start":{"line":12,"column":19},"end":{"line":12,"column":48}},"12":{"start":{"line":13,"column":20},"end":{"line":13,"column":50}},"13":{"start":{"line":14,"column":24},"end":{"line":14,"column":58}},"14":{"start":{"line":17,"column":13},"end":{"line":17,"column":28}},"15":{"start":{"line":18,"column":47},"end":{"line":18,"column":73}},"16":{"start":{"line":20,"column":12},"end":{"line":20,"column":21}},"17":{"start":{"line":21,"column":0},"end":{"line":23,"column":1}},"18":{"start":{"line":22,"column":1},"end":{"line":22,"column":17}},"19":{"start":{"line":25,"column":25},"end":{"line":25,"column":66}},"20":{"start":{"line":27,"column":0},"end":{"line":29,"column":33}},"21":{"start":{"line":28,"column":13},"end":{"line":28,"column":40}},"22":{"start":{"line":29,"column":15},"end":{"line":29,"column":31}},"23":{"start":{"line":32,"column":0},"end":{"line":32,"column":30}},"24":{"start":{"line":37,"column":0},"end":{"line":37,"column":23}},"25":{"start":{"line":38,"column":0},"end":{"line":38,"column":49}},"26":{"start":{"line":39,"column":0},"end":{"line":39,"column":24}},"27":{"start":{"line":40,"column":0},"end":{"line":43,"column":4}},"28":{"start":{"line":46,"column":0},"end":{"line":46,"column":28}},"29":{"start":{"line":47,"column":0},"end":{"line":47,"column":28}},"30":{"start":{"line":48,"column":0},"end":{"line":48,"column":34}},"31":{"start":{"line":49,"column":0},"end":{"line":49,"column":37}},"32":{"start":{"line":50,"column":0},"end":{"line":50,"column":42}},"33":{"start":{"line":51,"column":0},"end":{"line":51,"column":30}},"34":{"start":{"line":52,"column":0},"end":{"line":52,"column":30}},"35":{"start":{"line":53,"column":0},"end":{"line":53,"column":30}},"36":{"start":{"line":54,"column":0},"end":{"line":54,"column":32}},"37":{"start":{"line":55,"column":0},"end":{"line":55,"column":39}},"38":{"start":{"line":58,"column":15},"end":{"line":60,"column":2}},"39":{"start":{"line":59,"column":1},"end":{"line":59,"column":50}},"40":{"start":{"line":62,"column":0},"end":{"line":62,"column":33}}},"fnMap":{"0":{"name":"(anonymous_0)","decl":{"start":{"line":28,"column":7},"end":{"line":28,"column":8}},"loc":{"start":{"line":28,"column":13},"end":{"line":28,"column":40}},"line":28},"1":{"name":"(anonymous_1)","decl":{"start":{"line":29,"column":8},"end":{"line":29,"column":9}},"loc":{"start":{"line":29,"column":15},"end":{"line":29,"column":31}},"line":29},"2":{"name":"(anonymous_2)","decl":{"start":{"line":58,"column":43},"end":{"line":58,"column":44}},"loc":{"start":{"line":58,"column":49},"end":{"line":60,"column":1}},"line":58}},"branchMap":{"0":{"loc":{"start":{"line":21,"column":0},"end":{"line":23,"column":1}},"type":"if","locations":[{"start":{"line":21,"column":0},"end":{"line":23,"column":1}},{"start":{"line":21,"column":0},"end":{"line":23,"column":1}}],"line":21},"1":{"loc":{"start":{"line":25,"column":25},"end":{"line":25,"column":66}},"type":"cond-expr","locations":[{"start":{"line":25,"column":42},"end":{"line":25,"column":55}},{"start":{"line":25,"column":58},"end":{"line":25,"column":66}}],"line":25},"2":{"loc":{"start":{"line":32,"column":16},"end":{"line":32,"column":28}},"type":"binary-expr","locations":[{"start":{"line":32,"column":16},"end":{"line":32,"column":20}},{"start":{"line":32,"column":24},"end":{"line":32,"column":28}}],"line":32}},"s":{"0":1,"1":1,"2":1,"3":1,"4":1,"5":1,"6":1,"7":1,"8":1,"9":1,"10":1,"11":1,"12":1,"13":1,"14":1,"15":1,"16":1,"17":1,"18":1,"19":1,"20":1,"21":1,"22":0,"23":1,"24":1,"25":1,"26":1,"27":1,"28":1,"29":1,"30":1,"31":1,"32":1,"33":1,"34":1,"35":1,"36":1,"37":1,"38":1,"39":1,"40":1},"f":{"0":1,"1":0,"2":1},"b":{"0":[1,0],"1":[1,0],"2":[1,0]},"_coverageSchema":"1a1c01bbd47fc00a2c39e90264f33305004495a9","hash":"6d8731cac9c9b4e01f1ded0e7c3e54f20e129be1","contentHash":"908a7ffcceb2a04549d2ba688bfbb5abb4ac091c4dcd48fafa9bbd8a7c50aa3d"},"C:\\Users\\manu_\\Desktop\\TestigosJava\\TestigosDeJava-CtrlStockSuperMami\\src\\apis\\user\\index.js":{"path":"C:\\Users\\manu_\\Desktop\\TestigosJava\\TestigosDeJava-CtrlStockSuperMami\\src\\apis\\user\\index.js","statementMap":{"0":{"start":{"line":1,"column":16},"end":{"line":1,"column":34}},"1":{"start":{"line":2,"column":36},"end":{"line":2,"column":64}},"2":{"start":{"line":4,"column":17},"end":{"line":4,"column":50}},"3":{"start":{"line":5,"column":18},"end":{"line":5,"column":55}},"4":{"start":{"line":6,"column":18},"end":{"line":6,"column":52}},"5":{"start":{"line":7,"column":19},"end":{"line":7,"column":55}},"6":{"start":{"line":8,"column":24},"end":{"line":8,"column":68}},"7":{"start":{"line":9,"column":19},"end":{"line":9,"column":54}},"8":{"start":{"line":10,"column":20},"end":{"line":10,"column":57}},"9":{"start":{"line":11,"column":20},"end":{"line":11,"column":56}},"10":{"start":{"line":12,"column":22},"end":{"line":12,"column":54}},"11":{"start":{"line":15,"column":15},"end":{"line":15,"column":31}},"12":{"start":{"line":17,"column":0},"end":{"line":17,"column":33}},"13":{"start":{"line":18,"column":0},"end":{"line":18,"column":57}},"14":{"start":{"line":19,"column":0},"end":{"line":19,"column":49}},"15":{"start":{"line":20,"column":0},"end":{"line":20,"column":61}},"16":{"start":{"line":21,"column":0},"end":{"line":21,"column":51}},"17":{"start":{"line":22,"column":0},"end":{"line":22,"column":67}},"18":{"start":{"line":23,"column":0},"end":{"line":23,"column":61}},"19":{"start":{"line":24,"column":0},"end":{"line":24,"column":66}},"20":{"start":{"line":25,"column":0},"end":{"line":25,"column":68}},"21":{"start":{"line":27,"column":0},"end":{"line":27,"column":24}}},"fnMap":{},"branchMap":{},"s":{"0":1,"1":1,"2":1,"3":1,"4":1,"5":1,"6":1,"7":1,"8":1,"9":1,"10":1,"11":1,"12":1,"13":1,"14":1,"15":1,"16":1,"17":1,"18":1,"19":1,"20":1,"21":1},"f":{},"b":{},"_coverageSchema":"1a1c01bbd47fc00a2c39e90264f33305004495a9","hash":"6a3fc1e81cfb6bd98c477ba40a88b0a7ae5f6f1f","contentHash":"d7efaf54b57f2b37f2fef3a3bb5796c30db8c648dc54c8aa81cbc2aee6e9d72f"},"C:\\Users\\manu_\\Desktop\\TestigosJava\\TestigosDeJava-CtrlStockSuperMami\\src\\utils\\token.js":{"path":"C:\\Users\\manu_\\Desktop\\TestigosJava\\TestigosDeJava-CtrlStockSuperMami\\src\\utils\\token.js","statementMap":{"0":{"start":{"line":2,"column":13},"end":{"line":2,"column":34}},"1":{"start":{"line":3,"column":15},"end":{"line":3,"column":32}},"2":{"start":{"line":4,"column":35},"end":{"line":4,"column":62}},"3":{"start":{"line":5,"column":19},"end":{"line":5,"column":49}},"4":{"start":{"line":7,"column":18},"end":{"line":7,"column":25}},"5":{"start":{"line":9,"column":24},"end":{"line":18,"column":1}},"6":{"start":{"line":10,"column":20},"end":{"line":16,"column":5}},"7":{"start":{"line":17,"column":4},"end":{"line":17,"column":66}},"8":{"start":{"line":20,"column":32},"end":{"line":31,"column":1}},"9":{"start":{"line":21,"column":4},"end":{"line":21,"column":108}},"10":{"start":{"line":21,"column":36},"end":{"line":21,"column":108}},"11":{"start":{"line":22,"column":18},"end":{"line":22,"column":57}},"12":{"start":{"line":23,"column":4},"end":{"line":30,"column":5}},"13":{"start":{"line":24,"column":24},"end":{"line":24,"column":83}},"14":{"start":{"line":25,"column":8},"end":{"line":25,"column":111}},"15":{"start":{"line":25,"column":44},"end":{"line":25,"column":111}},"16":{"start":{"line":26,"column":8},"end":{"line":26,"column":37}},"17":{"start":{"line":27,"column":8},"end":{"line":27,"column":22}},"18":{"start":{"line":29,"column":8},"end":{"line":29,"column":80}},"19":{"start":{"line":33,"column":0},"end":{"line":36,"column":1}}},"fnMap":{"0":{"name":"(anonymous_0)","decl":{"start":{"line":9,"column":24},"end":{"line":9,"column":25}},"loc":{"start":{"line":9,"column":51},"end":{"line":18,"column":1}},"line":9},"1":{"name":"(anonymous_1)","decl":{"start":{"line":20,"column":32},"end":{"line":20,"column":33}},"loc":{"start":{"line":20,"column":52},"end":{"line":31,"column":1}},"line":20}},"branchMap":{"0":{"loc":{"start":{"line":21,"column":4},"end":{"line":21,"column":108}},"type":"if","locations":[{"start":{"line":21,"column":4},"end":{"line":21,"column":108}},{"start":{"line":21,"column":4},"end":{"line":21,"column":108}}],"line":21},"1":{"loc":{"start":{"line":25,"column":8},"end":{"line":25,"column":111}},"type":"if","locations":[{"start":{"line":25,"column":8},"end":{"line":25,"column":111}},{"start":{"line":25,"column":8},"end":{"line":25,"column":111}}],"line":25}},"s":{"0":1,"1":1,"2":1,"3":1,"4":1,"5":1,"6":1,"7":1,"8":1,"9":21,"10":4,"11":17,"12":17,"13":17,"14":13,"15":0,"16":13,"17":13,"18":4,"19":1},"f":{"0":1,"1":21},"b":{"0":[4,17],"1":[0,13]},"_coverageSchema":"1a1c01bbd47fc00a2c39e90264f33305004495a9","hash":"ea7a1bbb342a94db1300309462a50d69e33e8953","contentHash":"dcf024e20ad5c7b28c79cdf71d2933a606be617e8d87f1c682609dba9b9edd76"},"C:\\Users\\manu_\\Desktop\\TestigosJava\\TestigosDeJava-CtrlStockSuperMami\\src\\config\\config.js":{"path":"C:\\Users\\manu_\\Desktop\\TestigosJava\\TestigosDeJava-CtrlStockSuperMami\\src\\config\\config.js","statementMap":{"0":{"start":{"line":1,"column":15},"end":{"line":1,"column":36}},"1":{"start":{"line":3,"column":12},"end":{"line":3,"column":32}},"2":{"start":{"line":4,"column":12},"end":{"line":4,"column":23}},"3":{"start":{"line":5,"column":13},"end":{"line":5,"column":25}},"4":{"start":{"line":6,"column":22},"end":{"line":6,"column":43}},"5":{"start":{"line":7,"column":16},"end":{"line":7,"column":31}},"6":{"start":{"line":8,"column":21},"end":{"line":8,"column":41}},"7":{"start":{"line":9,"column":30},"end":{"line":9,"column":59}},"8":{"start":{"line":11,"column":0},"end":{"line":19,"column":1}}},"fnMap":{},"branchMap":{},"s":{"0":1,"1":1,"2":1,"3":1,"4":1,"5":1,"6":1,"7":1,"8":1},"f":{},"b":{},"_coverageSchema":"1a1c01bbd47fc00a2c39e90264f33305004495a9","hash":"b59edc9b0f092b6682a8cadf9bc20a7a12918b72","contentHash":"3daec918ea90716f38df0a9b5fc6fd8c230630f37b72e33dff2f7ff7ed1705d1"},"C:\\Users\\manu_\\Desktop\\TestigosJava\\TestigosDeJava-CtrlStockSuperMami\\src\\models\\api-error.js":{"path":"C:\\Users\\manu_\\Desktop\\TestigosJava\\TestigosDeJava-CtrlStockSuperMami\\src\\models\\api-error.js","statementMap":{"0":{"start":{"line":1,"column":16},"end":{"line":1,"column":43}},"1":{"start":{"line":6,"column":8},"end":{"line":6,"column":34}},"2":{"start":{"line":7,"column":8},"end":{"line":7,"column":33}},"3":{"start":{"line":8,"column":8},"end":{"line":8,"column":37}},"4":{"start":{"line":12,"column":8},"end":{"line":12,"column":45}},"5":{"start":{"line":13,"column":8},"end":{"line":13,"column":26}},"6":{"start":{"line":14,"column":8},"end":{"line":14,"column":31}},"7":{"start":{"line":15,"column":8},"end":{"line":15,"column":19}},"8":{"start":{"line":19,"column":8},"end":{"line":19,"column":35}},"9":{"start":{"line":20,"column":8},"end":{"line":20,"column":26}},"10":{"start":{"line":21,"column":8},"end":{"line":21,"column":31}},"11":{"start":{"line":22,"column":8},"end":{"line":22,"column":20}},"12":{"start":{"line":26,"column":8},"end":{"line":26,"column":33}},"13":{"start":{"line":27,"column":8},"end":{"line":27,"column":26}},"14":{"start":{"line":28,"column":8},"end":{"line":28,"column":31}},"15":{"start":{"line":29,"column":8},"end":{"line":29,"column":20}},"16":{"start":{"line":33,"column":8},"end":{"line":33,"column":36}},"17":{"start":{"line":34,"column":8},"end":{"line":34,"column":26}},"18":{"start":{"line":35,"column":8},"end":{"line":35,"column":31}},"19":{"start":{"line":36,"column":8},"end":{"line":36,"column":20}},"20":{"start":{"line":40,"column":8},"end":{"line":45,"column":9}},"21":{"start":{"line":41,"column":12},"end":{"line":44,"column":42}},"22":{"start":{"line":46,"column":8},"end":{"line":46,"column":19}},"23":{"start":{"line":50,"column":8},"end":{"line":50,"column":20}},"24":{"start":{"line":51,"column":8},"end":{"line":51,"column":89}},"25":{"start":{"line":55,"column":0},"end":{"line":55,"column":28}}},"fnMap":{"0":{"name":"(anonymous_0)","decl":{"start":{"line":5,"column":4},"end":{"line":5,"column":5}},"loc":{"start":{"line":5,"column":40},"end":{"line":9,"column":5}},"line":5},"1":{"name":"(anonymous_1)","decl":{"start":{"line":11,"column":4},"end":{"line":11,"column":5}},"loc":{"start":{"line":11,"column":36},"end":{"line":16,"column":5}},"line":11},"2":{"name":"(anonymous_2)","decl":{"start":{"line":18,"column":4},"end":{"line":18,"column":5}},"loc":{"start":{"line":18,"column":27},"end":{"line":23,"column":5}},"line":18},"3":{"name":"(anonymous_3)","decl":{"start":{"line":25,"column":4},"end":{"line":25,"column":5}},"loc":{"start":{"line":25,"column":25},"end":{"line":30,"column":5}},"line":25},"4":{"name":"(anonymous_4)","decl":{"start":{"line":32,"column":4},"end":{"line":32,"column":5}},"loc":{"start":{"line":32,"column":29},"end":{"line":37,"column":5}},"line":32},"5":{"name":"(anonymous_5)","decl":{"start":{"line":39,"column":4},"end":{"line":39,"column":5}},"loc":{"start":{"line":39,"column":12},"end":{"line":47,"column":5}},"line":39},"6":{"name":"(anonymous_6)","decl":{"start":{"line":49,"column":4},"end":{"line":49,"column":5}},"loc":{"start":{"line":49,"column":14},"end":{"line":52,"column":5}},"line":49}},"branchMap":{"0":{"loc":{"start":{"line":6,"column":22},"end":{"line":6,"column":33}},"type":"binary-expr","locations":[{"start":{"line":6,"column":22},"end":{"line":6,"column":28}},{"start":{"line":6,"column":32},"end":{"line":6,"column":33}}],"line":6},"1":{"loc":{"start":{"line":7,"column":21},"end":{"line":7,"column":32}},"type":"binary-expr","locations":[{"start":{"line":7,"column":21},"end":{"line":7,"column":26}},{"start":{"line":7,"column":30},"end":{"line":7,"column":32}}],"line":7},"2":{"loc":{"start":{"line":8,"column":23},"end":{"line":8,"column":36}},"type":"binary-expr","locations":[{"start":{"line":8,"column":23},"end":{"line":8,"column":30}},{"start":{"line":8,"column":34},"end":{"line":8,"column":36}}],"line":8},"3":{"loc":{"start":{"line":40,"column":8},"end":{"line":45,"column":9}},"type":"if","locations":[{"start":{"line":40,"column":8},"end":{"line":45,"column":9}},{"start":{"line":40,"column":8},"end":{"line":45,"column":9}}],"line":40}},"s":{"0":1,"1":14,"2":14,"3":14,"4":0,"5":0,"6":0,"7":0,"8":5,"9":5,"10":5,"11":5,"12":1,"13":1,"14":1,"15":1,"16":8,"17":8,"18":8,"19":8,"20":14,"21":0,"22":14,"23":14,"24":14,"25":1},"f":{"0":14,"1":0,"2":5,"3":1,"4":8,"5":14,"6":14},"b":{"0":[14,14],"1":[14,14],"2":[14,14],"3":[0,14]},"_coverageSchema":"1a1c01bbd47fc00a2c39e90264f33305004495a9","hash":"6320d42dd4366d8c933a5c16897dc76b93948d1b","contentHash":"452456b54fba2e85d50be94ad5c8daeeddf669738f7d3960c0d206b911d38606"},"C:\\Users\\manu_\\Desktop\\TestigosJava\\TestigosDeJava-CtrlStockSuperMami\\src\\apis\\user\\controllers\\getUsers.js":{"path":"C:\\Users\\manu_\\Desktop\\TestigosJava\\TestigosDeJava-CtrlStockSuperMami\\src\\apis\\user\\controllers\\getUsers.js","statementMap":{"0":{"start":{"line":1,"column":13},"end":{"line":1,"column":44}},"1":{"start":{"line":2,"column":19},"end":{"line":2,"column":55}},"2":{"start":{"line":3,"column":12},"end":{"line":3,"column":26}},"3":{"start":{"line":4,"column":18},"end":{"line":4,"column":53}},"4":{"start":{"line":5,"column":15},"end":{"line":5,"column":32}},"5":{"start":{"line":7,"column":15},"end":{"line":10,"column":2}},"6":{"start":{"line":12,"column":17},"end":{"line":50,"column":1}},"7":{"start":{"line":13,"column":4},"end":{"line":49,"column":5}},"8":{"start":{"line":14,"column":24},"end":{"line":14,"column":58}},"9":{"start":{"line":15,"column":8},"end":{"line":15,"column":87}},"10":{"start":{"line":15,"column":25},"end":{"line":15,"column":87}},"11":{"start":{"line":16,"column":22},"end":{"line":16,"column":40}},"12":{"start":{"line":17,"column":20},"end":{"line":17,"column":22}},"13":{"start":{"line":19,"column":8},"end":{"line":45,"column":9}},"14":{"start":{"line":20,"column":12},"end":{"line":26,"column":13}},"15":{"start":{"line":21,"column":16},"end":{"line":21,"column":72}},"16":{"start":{"line":22,"column":19},"end":{"line":26,"column":13}},"17":{"start":{"line":23,"column":16},"end":{"line":23,"column":68}},"18":{"start":{"line":25,"column":16},"end":{"line":25,"column":42}},"19":{"start":{"line":27,"column":29},"end":{"line":39,"column":14}},"20":{"start":{"line":28,"column":16},"end":{"line":37,"column":17}},"21":{"start":{"line":38,"column":16},"end":{"line":38,"column":25}},"22":{"start":{"line":41,"column":12},"end":{"line":41,"column":50}},"23":{"start":{"line":44,"column":12},"end":{"line":44,"column":87}},"24":{"start":{"line":48,"column":8},"end":{"line":48,"column":78}},"25":{"start":{"line":52,"column":0},"end":{"line":52,"column":26}}},"fnMap":{"0":{"name":"(anonymous_0)","decl":{"start":{"line":12,"column":17},"end":{"line":12,"column":18}},"loc":{"start":{"line":12,"column":37},"end":{"line":50,"column":1}},"line":12},"1":{"name":"(anonymous_1)","decl":{"start":{"line":27,"column":39},"end":{"line":27,"column":40}},"loc":{"start":{"line":27,"column":44},"end":{"line":39,"column":13}},"line":27}},"branchMap":{"0":{"loc":{"start":{"line":15,"column":8},"end":{"line":15,"column":87}},"type":"if","locations":[{"start":{"line":15,"column":8},"end":{"line":15,"column":87}},{"start":{"line":15,"column":8},"end":{"line":15,"column":87}}],"line":15},"1":{"loc":{"start":{"line":19,"column":8},"end":{"line":45,"column":9}},"type":"if","locations":[{"start":{"line":19,"column":8},"end":{"line":45,"column":9}},{"start":{"line":19,"column":8},"end":{"line":45,"column":9}}],"line":19},"2":{"loc":{"start":{"line":20,"column":12},"end":{"line":26,"column":13}},"type":"if","locations":[{"start":{"line":20,"column":12},"end":{"line":26,"column":13}},{"start":{"line":20,"column":12},"end":{"line":26,"column":13}}],"line":20},"3":{"loc":{"start":{"line":22,"column":19},"end":{"line":26,"column":13}},"type":"if","locations":[{"start":{"line":22,"column":19},"end":{"line":26,"column":13}},{"start":{"line":22,"column":19},"end":{"line":26,"column":13}}],"line":22}},"s":{"0":1,"1":1,"2":1,"3":1,"4":1,"5":1,"6":1,"7":0,"8":0,"9":0,"10":0,"11":0,"12":0,"13":0,"14":0,"15":0,"16":0,"17":0,"18":0,"19":0,"20":0,"21":0,"22":0,"23":0,"24":0,"25":1},"f":{"0":0,"1":0},"b":{"0":[0,0],"1":[0,0],"2":[0,0],"3":[0,0]},"_coverageSchema":"1a1c01bbd47fc00a2c39e90264f33305004495a9","hash":"72f07f39bdb8c9d6e038df074a4187e0c75e7ff0","contentHash":"445388123ee700b3a83b6020fe53a2ccbad707a7f2c206c82e5e6907f123f867"},"C:\\Users\\manu_\\Desktop\\TestigosJava\\TestigosDeJava-CtrlStockSuperMami\\src\\models\\user.js":{"path":"C:\\Users\\manu_\\Desktop\\TestigosJava\\TestigosDeJava-CtrlStockSuperMami\\src\\models\\user.js","statementMap":{"0":{"start":{"line":1,"column":17},"end":{"line":1,"column":36}},"1":{"start":{"line":2,"column":15},"end":{"line":2,"column":30}},"2":{"start":{"line":4,"column":19},"end":{"line":51,"column":1}},"3":{"start":{"line":53,"column":0},"end":{"line":53,"column":38}},"4":{"start":{"line":55,"column":0},"end":{"line":55,"column":52}}},"fnMap":{},"branchMap":{},"s":{"0":1,"1":1,"2":1,"3":1,"4":1},"f":{},"b":{},"_coverageSchema":"1a1c01bbd47fc00a2c39e90264f33305004495a9","hash":"89c757b111f5f853696078818598e9a5060c9d34","contentHash":"c979e30ff7fc0af7ec1c43ded285fbba1efc08d1660e89e635867cf310294ee4"},"C:\\Users\\manu_\\Desktop\\TestigosJava\\TestigosDeJava-CtrlStockSuperMami\\src\\utils\\validator.js":{"path":"C:\\Users\\manu_\\Desktop\\TestigosJava\\TestigosDeJava-CtrlStockSuperMami\\src\\utils\\validator.js","statementMap":{"0":{"start":{"line":2,"column":18},"end":{"line":15,"column":1}},"1":{"start":{"line":3,"column":4},"end":{"line":14,"column":5}},"2":{"start":{"line":4,"column":21},"end":{"line":4,"column":97}},"3":{"start":{"line":5,"column":8},"end":{"line":8,"column":9}},"4":{"start":{"line":10,"column":8},"end":{"line":13,"column":10}},"5":{"start":{"line":17,"column":0},"end":{"line":17,"column":26}}},"fnMap":{"0":{"name":"(anonymous_0)","decl":{"start":{"line":2,"column":18},"end":{"line":2,"column":19}},"loc":{"start":{"line":2,"column":43},"end":{"line":15,"column":1}},"line":2}},"branchMap":{},"s":{"0":1,"1":9,"2":9,"3":5,"4":4,"5":1},"f":{"0":9},"b":{},"_coverageSchema":"1a1c01bbd47fc00a2c39e90264f33305004495a9","hash":"6b536180f8a1c3aedfafdfcce1f87e3fdfd10be2","contentHash":"3decd42886cb92bafbcbdbf1b227a8631420aa082e30a95442f90b0dce73b607"},"C:\\Users\\manu_\\Desktop\\TestigosJava\\TestigosDeJava-CtrlStockSuperMami\\src\\apis\\user\\controllers\\getMyProfile.js":{"path":"C:\\Users\\manu_\\Desktop\\TestigosJava\\TestigosDeJava-CtrlStockSuperMami\\src\\apis\\user\\controllers\\getMyProfile.js","statementMap":{"0":{"start":{"line":1,"column":13},"end":{"line":1,"column":44}},"1":{"start":{"line":2,"column":19},"end":{"line":2,"column":55}},"2":{"start":{"line":5,"column":18},"end":{"line":24,"column":1}},"3":{"start":{"line":6,"column":4},"end":{"line":23,"column":5}},"4":{"start":{"line":7,"column":22},"end":{"line":7,"column":40}},"5":{"start":{"line":8,"column":21},"end":{"line":8,"column":54}},"6":{"start":{"line":10,"column":25},"end":{"line":18,"column":9}},"7":{"start":{"line":19,"column":8},"end":{"line":19,"column":46}},"8":{"start":{"line":22,"column":8},"end":{"line":22,"column":78}},"9":{"start":{"line":26,"column":0},"end":{"line":26,"column":27}}},"fnMap":{"0":{"name":"(anonymous_0)","decl":{"start":{"line":5,"column":18},"end":{"line":5,"column":19}},"loc":{"start":{"line":5,"column":38},"end":{"line":24,"column":1}},"line":5}},"branchMap":{},"s":{"0":1,"1":1,"2":1,"3":0,"4":0,"5":0,"6":0,"7":0,"8":0,"9":1},"f":{"0":0},"b":{},"_coverageSchema":"1a1c01bbd47fc00a2c39e90264f33305004495a9","hash":"63023d9fa3f0a6465e5c48e953f586b6b6e6136c","contentHash":"c518839c9fa40e95c4c7b5378a7a1b3fbcf2b7ae35e7acccdac3159400837290"},"C:\\Users\\manu_\\Desktop\\TestigosJava\\TestigosDeJava-CtrlStockSuperMami\\src\\apis\\user\\controllers\\postLogin.js":{"path":"C:\\Users\\manu_\\Desktop\\TestigosJava\\TestigosDeJava-CtrlStockSuperMami\\src\\apis\\user\\controllers\\postLogin.js","statementMap":{"0":{"start":{"line":1,"column":13},"end":{"line":1,"column":44}},"1":{"start":{"line":2,"column":28},"end":{"line":2,"column":59}},"2":{"start":{"line":3,"column":19},"end":{"line":3,"column":55}},"3":{"start":{"line":4,"column":19},"end":{"line":4,"column":52}},"4":{"start":{"line":5,"column":12},"end":{"line":5,"column":26}},"5":{"start":{"line":6,"column":20},"end":{"line":6,"column":55}},"6":{"start":{"line":7,"column":24},"end":{"line":7,"column":57}},"7":{"start":{"line":9,"column":15},"end":{"line":12,"column":2}},"8":{"start":{"line":14,"column":18},"end":{"line":31,"column":1}},"9":{"start":{"line":15,"column":4},"end":{"line":30,"column":5}},"10":{"start":{"line":16,"column":24},"end":{"line":16,"column":57}},"11":{"start":{"line":17,"column":8},"end":{"line":17,"column":87}},"12":{"start":{"line":17,"column":25},"end":{"line":17,"column":87}},"13":{"start":{"line":19,"column":21},"end":{"line":19,"column":61}},"14":{"start":{"line":20,"column":8},"end":{"line":20,"column":105}},"15":{"start":{"line":20,"column":26},"end":{"line":20,"column":105}},"16":{"start":{"line":22,"column":32},"end":{"line":22,"column":81}},"17":{"start":{"line":23,"column":8},"end":{"line":23,"column":107}},"18":{"start":{"line":23,"column":30},"end":{"line":23,"column":107}},"19":{"start":{"line":25,"column":22},"end":{"line":25,"column":92}},"20":{"start":{"line":26,"column":8},"end":{"line":26,"column":54}},"21":{"start":{"line":29,"column":8},"end":{"line":29,"column":78}},"22":{"start":{"line":33,"column":0},"end":{"line":33,"column":27}}},"fnMap":{"0":{"name":"(anonymous_0)","decl":{"start":{"line":14,"column":18},"end":{"line":14,"column":19}},"loc":{"start":{"line":14,"column":38},"end":{"line":31,"column":1}},"line":14}},"branchMap":{"0":{"loc":{"start":{"line":17,"column":8},"end":{"line":17,"column":87}},"type":"if","locations":[{"start":{"line":17,"column":8},"end":{"line":17,"column":87}},{"start":{"line":17,"column":8},"end":{"line":17,"column":87}}],"line":17},"1":{"loc":{"start":{"line":20,"column":8},"end":{"line":20,"column":105}},"type":"if","locations":[{"start":{"line":20,"column":8},"end":{"line":20,"column":105}},{"start":{"line":20,"column":8},"end":{"line":20,"column":105}}],"line":20},"2":{"loc":{"start":{"line":23,"column":8},"end":{"line":23,"column":107}},"type":"if","locations":[{"start":{"line":23,"column":8},"end":{"line":23,"column":107}},{"start":{"line":23,"column":8},"end":{"line":23,"column":107}}],"line":23}},"s":{"0":1,"1":1,"2":1,"3":1,"4":1,"5":1,"6":1,"7":1,"8":1,"9":1,"10":1,"11":1,"12":0,"13":1,"14":1,"15":0,"16":1,"17":1,"18":0,"19":1,"20":1,"21":0,"22":1},"f":{"0":1},"b":{"0":[0,1],"1":[0,1],"2":[0,1]},"_coverageSchema":"1a1c01bbd47fc00a2c39e90264f33305004495a9","hash":"c2f34534ab4c4d0b2e70787e3d17065b06fa8c4c","contentHash":"ba7ad771e021d8dd722f43f2023c33bca969300b36dc39cfc73d1ffe3d9f4642"},"C:\\Users\\manu_\\Desktop\\TestigosJava\\TestigosDeJava-CtrlStockSuperMami\\src\\utils\\hashing.js":{"path":"C:\\Users\\manu_\\Desktop\\TestigosJava\\TestigosDeJava-CtrlStockSuperMami\\src\\utils\\hashing.js","statementMap":{"0":{"start":{"line":1,"column":15},"end":{"line":1,"column":32}},"1":{"start":{"line":2,"column":19},"end":{"line":2,"column":21}},"2":{"start":{"line":5,"column":4},"end":{"line":5,"column":51}},"3":{"start":{"line":9,"column":4},"end":{"line":9,"column":48}},"4":{"start":{"line":12,"column":0},"end":{"line":15,"column":1}}},"fnMap":{"0":{"name":"Hash","decl":{"start":{"line":4,"column":15},"end":{"line":4,"column":19}},"loc":{"start":{"line":4,"column":30},"end":{"line":6,"column":1}},"line":4},"1":{"name":"Verify","decl":{"start":{"line":8,"column":15},"end":{"line":8,"column":21}},"loc":{"start":{"line":8,"column":37},"end":{"line":10,"column":1}},"line":8}},"branchMap":{},"s":{"0":1,"1":1,"2":1,"3":1,"4":1},"f":{"0":1,"1":1},"b":{},"_coverageSchema":"1a1c01bbd47fc00a2c39e90264f33305004495a9","hash":"ae2691a911aca5b1c7df26c5bbf47e7a2378c1af","contentHash":"6417670d99eaf7df52408210885da281e51b08e5cf286fd666ea9da64769248c"},"C:\\Users\\manu_\\Desktop\\TestigosJava\\TestigosDeJava-CtrlStockSuperMami\\src\\utils\\reg-exp.js":{"path":"C:\\Users\\manu_\\Desktop\\TestigosJava\\TestigosDeJava-CtrlStockSuperMami\\src\\utils\\reg-exp.js","statementMap":{"0":{"start":{"line":1,"column":20},"end":{"line":1,"column":62}},"1":{"start":{"line":2,"column":16},"end":{"line":2,"column":52}},"2":{"start":{"line":3,"column":16},"end":{"line":3,"column":82}},"3":{"start":{"line":5,"column":0},"end":{"line":9,"column":1}}},"fnMap":{},"branchMap":{},"s":{"0":1,"1":1,"2":1,"3":1},"f":{},"b":{},"_coverageSchema":"1a1c01bbd47fc00a2c39e90264f33305004495a9","hash":"d0cd5bbb393ab75d36d005c1ecec8a1fdc8c7e22","contentHash":"e02992a9473eb216e1f49c9ba1e16ed4cdfad5fd218f3ac927f0bfb95e0c3fd5"},"C:\\Users\\manu_\\Desktop\\TestigosJava\\TestigosDeJava-CtrlStockSuperMami\\src\\apis\\user\\controllers\\postNewUser.js":{"path":"C:\\Users\\manu_\\Desktop\\TestigosJava\\TestigosDeJava-CtrlStockSuperMami\\src\\apis\\user\\controllers\\postNewUser.js","statementMap":{"0":{"start":{"line":1,"column":13},"end":{"line":1,"column":44}},"1":{"start":{"line":2,"column":19},"end":{"line":2,"column":55}},"2":{"start":{"line":3,"column":17},"end":{"line":3,"column":50}},"3":{"start":{"line":4,"column":15},"end":{"line":4,"column":32}},"4":{"start":{"line":5,"column":12},"end":{"line":5,"column":26}},"5":{"start":{"line":6,"column":18},"end":{"line":6,"column":53}},"6":{"start":{"line":7,"column":21},"end":{"line":7,"column":55}},"7":{"start":{"line":8,"column":34},"end":{"line":8,"column":67}},"8":{"start":{"line":10,"column":15},"end":{"line":18,"column":2}},"9":{"start":{"line":14,"column":102},"end":{"line":14,"column":120}},"10":{"start":{"line":20,"column":19},"end":{"line":59,"column":1}},"11":{"start":{"line":21,"column":4},"end":{"line":58,"column":5}},"12":{"start":{"line":23,"column":22},"end":{"line":23,"column":40}},"13":{"start":{"line":24,"column":8},"end":{"line":54,"column":9}},"14":{"start":{"line":26,"column":28},"end":{"line":26,"column":61}},"15":{"start":{"line":27,"column":12},"end":{"line":27,"column":91}},"16":{"start":{"line":27,"column":29},"end":{"line":27,"column":91}},"17":{"start":{"line":29,"column":27},"end":{"line":29,"column":66}},"18":{"start":{"line":30,"column":27},"end":{"line":30,"column":70}},"19":{"start":{"line":31,"column":12},"end":{"line":31,"column":143}},"20":{"start":{"line":31,"column":40},"end":{"line":31,"column":143}},"21":{"start":{"line":32,"column":12},"end":{"line":32,"column":145}},"22":{"start":{"line":32,"column":40},"end":{"line":32,"column":145}},"23":{"start":{"line":34,"column":36},"end":{"line":34,"column":65}},"24":{"start":{"line":36,"column":25},"end":{"line":40,"column":14}},"25":{"start":{"line":42,"column":24},"end":{"line":42,"column":43}},"26":{"start":{"line":43,"column":12},"end":{"line":43,"column":82}},"27":{"start":{"line":43,"column":21},"end":{"line":43,"column":82}},"28":{"start":{"line":45,"column":12},"end":{"line":45,"column":30}},"29":{"start":{"line":47,"column":28},"end":{"line":47,"column":255}},"30":{"start":{"line":48,"column":12},"end":{"line":48,"column":113}},"31":{"start":{"line":48,"column":31},"end":{"line":48,"column":113}},"32":{"start":{"line":50,"column":12},"end":{"line":50,"column":82}},"33":{"start":{"line":53,"column":12},"end":{"line":53,"column":64}},"34":{"start":{"line":57,"column":8},"end":{"line":57,"column":78}},"35":{"start":{"line":61,"column":0},"end":{"line":61,"column":28}}},"fnMap":{"0":{"name":"(anonymous_0)","decl":{"start":{"line":14,"column":92},"end":{"line":14,"column":93}},"loc":{"start":{"line":14,"column":102},"end":{"line":14,"column":120}},"line":14},"1":{"name":"(anonymous_1)","decl":{"start":{"line":20,"column":19},"end":{"line":20,"column":20}},"loc":{"start":{"line":20,"column":39},"end":{"line":59,"column":1}},"line":20}},"branchMap":{"0":{"loc":{"start":{"line":24,"column":8},"end":{"line":54,"column":9}},"type":"if","locations":[{"start":{"line":24,"column":8},"end":{"line":54,"column":9}},{"start":{"line":24,"column":8},"end":{"line":54,"column":9}}],"line":24},"1":{"loc":{"start":{"line":27,"column":12},"end":{"line":27,"column":91}},"type":"if","locations":[{"start":{"line":27,"column":12},"end":{"line":27,"column":91}},{"start":{"line":27,"column":12},"end":{"line":27,"column":91}}],"line":27},"2":{"loc":{"start":{"line":31,"column":12},"end":{"line":31,"column":143}},"type":"if","locations":[{"start":{"line":31,"column":12},"end":{"line":31,"column":143}},{"start":{"line":31,"column":12},"end":{"line":31,"column":143}}],"line":31},"3":{"loc":{"start":{"line":31,"column":16},"end":{"line":31,"column":38}},"type":"binary-expr","locations":[{"start":{"line":31,"column":16},"end":{"line":31,"column":25}},{"start":{"line":31,"column":29},"end":{"line":31,"column":38}}],"line":31},"4":{"loc":{"start":{"line":32,"column":12},"end":{"line":32,"column":145}},"type":"if","locations":[{"start":{"line":32,"column":12},"end":{"line":32,"column":145}},{"start":{"line":32,"column":12},"end":{"line":32,"column":145}}],"line":32},"5":{"loc":{"start":{"line":32,"column":16},"end":{"line":32,"column":38}},"type":"binary-expr","locations":[{"start":{"line":32,"column":16},"end":{"line":32,"column":25}},{"start":{"line":32,"column":29},"end":{"line":32,"column":38}}],"line":32},"6":{"loc":{"start":{"line":43,"column":12},"end":{"line":43,"column":82}},"type":"if","locations":[{"start":{"line":43,"column":12},"end":{"line":43,"column":82}},{"start":{"line":43,"column":12},"end":{"line":43,"column":82}}],"line":43},"7":{"loc":{"start":{"line":48,"column":12},"end":{"line":48,"column":113}},"type":"if","locations":[{"start":{"line":48,"column":12},"end":{"line":48,"column":113}},{"start":{"line":48,"column":12},"end":{"line":48,"column":113}}],"line":48}},"s":{"0":1,"1":1,"2":1,"3":1,"4":1,"5":1,"6":1,"7":1,"8":1,"9":0,"10":1,"11":0,"12":0,"13":0,"14":0,"15":0,"16":0,"17":0,"18":0,"19":0,"20":0,"21":0,"22":0,"23":0,"24":0,"25":0,"26":0,"27":0,"28":0,"29":0,"30":0,"31":0,"32":0,"33":0,"34":0,"35":1},"f":{"0":0,"1":0},"b":{"0":[0,0],"1":[0,0],"2":[0,0],"3":[0,0],"4":[0,0],"5":[0,0],"6":[0,0],"7":[0,0]},"_coverageSchema":"1a1c01bbd47fc00a2c39e90264f33305004495a9","hash":"2e6652cc5d3d095aba54d7db2caeee31a6ffe7bc","contentHash":"5d3dd7088cf47d9a1cd5a88bd37bb33e0c387c1d8a011e8dddfad02c6419f18b"},"C:\\Users\\manu_\\Desktop\\TestigosJava\\TestigosDeJava-CtrlStockSuperMami\\src\\utils\\sendMail.js":{"path":"C:\\Users\\manu_\\Desktop\\TestigosJava\\TestigosDeJava-CtrlStockSuperMami\\src\\utils\\sendMail.js","statementMap":{"0":{"start":{"line":1,"column":11},"end":{"line":1,"column":24}},"1":{"start":{"line":2,"column":19},"end":{"line":2,"column":40}},"2":{"start":{"line":3,"column":13},"end":{"line":3,"column":28}},"3":{"start":{"line":4,"column":12},"end":{"line":4,"column":52}},"4":{"start":{"line":5,"column":34},"end":{"line":5,"column":61}},"5":{"start":{"line":8,"column":4},"end":{"line":50,"column":6}},"6":{"start":{"line":9,"column":8},"end":{"line":49,"column":9}},"7":{"start":{"line":10,"column":31},"end":{"line":18,"column":14}},"8":{"start":{"line":19,"column":37},"end":{"line":27,"column":13}},"9":{"start":{"line":28,"column":12},"end":{"line":28,"column":61}},"10":{"start":{"line":30,"column":32},"end":{"line":41,"column":13}},"11":{"start":{"line":43,"column":12},"end":{"line":46,"column":15}},"12":{"start":{"line":44,"column":16},"end":{"line":44,"column":69}},"13":{"start":{"line":44,"column":27},"end":{"line":44,"column":69}},"14":{"start":{"line":45,"column":16},"end":{"line":45,"column":58}},"15":{"start":{"line":48,"column":12},"end":{"line":48,"column":30}},"16":{"start":{"line":53,"column":0},"end":{"line":53,"column":30}}},"fnMap":{"0":{"name":"SendTemplate","decl":{"start":{"line":7,"column":9},"end":{"line":7,"column":21}},"loc":{"start":{"line":7,"column":54},"end":{"line":51,"column":1}},"line":7},"1":{"name":"(anonymous_1)","decl":{"start":{"line":8,"column":23},"end":{"line":8,"column":24}},"loc":{"start":{"line":8,"column":44},"end":{"line":50,"column":5}},"line":8},"2":{"name":"(anonymous_2)","decl":{"start":{"line":43,"column":45},"end":{"line":43,"column":46}},"loc":{"start":{"line":43,"column":62},"end":{"line":46,"column":13}},"line":43}},"branchMap":{"0":{"loc":{"start":{"line":44,"column":16},"end":{"line":44,"column":69}},"type":"if","locations":[{"start":{"line":44,"column":16},"end":{"line":44,"column":69}},{"start":{"line":44,"column":16},"end":{"line":44,"column":69}}],"line":44}},"s":{"0":1,"1":1,"2":1,"3":1,"4":1,"5":0,"6":0,"7":0,"8":0,"9":0,"10":0,"11":0,"12":0,"13":0,"14":0,"15":0,"16":1},"f":{"0":0,"1":0,"2":0},"b":{"0":[0,0]},"_coverageSchema":"1a1c01bbd47fc00a2c39e90264f33305004495a9","hash":"ad5f25139532448fc0837219a35b92d7967d57b8","contentHash":"186eab5b324fdb02a994e8b19b9781e34d4df7c0e8b9eab837693f2ac668c190"},"C:\\Users\\manu_\\Desktop\\TestigosJava\\TestigosDeJava-CtrlStockSuperMami\\src\\apis\\user\\controllers\\postRecoverPassword.js":{"path":"C:\\Users\\manu_\\Desktop\\TestigosJava\\TestigosDeJava-CtrlStockSuperMami\\src\\apis\\user\\controllers\\postRecoverPassword.js","statementMap":{"0":{"start":{"line":2,"column":13},"end":{"line":2,"column":44}},"1":{"start":{"line":3,"column":19},"end":{"line":3,"column":55}},"2":{"start":{"line":4,"column":12},"end":{"line":4,"column":26}},"3":{"start":{"line":5,"column":18},"end":{"line":5,"column":53}},"4":{"start":{"line":6,"column":21},"end":{"line":6,"column":55}},"5":{"start":{"line":7,"column":23},"end":{"line":7,"column":56}},"6":{"start":{"line":8,"column":17},"end":{"line":8,"column":50}},"7":{"start":{"line":10,"column":15},"end":{"line":12,"column":2}},"8":{"start":{"line":11,"column":104},"end":{"line":11,"column":122}},"9":{"start":{"line":14,"column":24},"end":{"line":42,"column":1}},"10":{"start":{"line":15,"column":4},"end":{"line":41,"column":5}},"11":{"start":{"line":16,"column":24},"end":{"line":16,"column":57}},"12":{"start":{"line":17,"column":8},"end":{"line":17,"column":87}},"13":{"start":{"line":17,"column":25},"end":{"line":17,"column":87}},"14":{"start":{"line":19,"column":21},"end":{"line":19,"column":65}},"15":{"start":{"line":20,"column":8},"end":{"line":20,"column":103}},"16":{"start":{"line":20,"column":26},"end":{"line":20,"column":103}},"17":{"start":{"line":22,"column":28},"end":{"line":27,"column":10}},"18":{"start":{"line":28,"column":31},"end":{"line":28,"column":54}},"19":{"start":{"line":30,"column":8},"end":{"line":32,"column":11}},"20":{"start":{"line":34,"column":24},"end":{"line":34,"column":264}},"21":{"start":{"line":35,"column":8},"end":{"line":35,"column":109}},"22":{"start":{"line":35,"column":27},"end":{"line":35,"column":109}},"23":{"start":{"line":37,"column":8},"end":{"line":37,"column":89}},"24":{"start":{"line":40,"column":8},"end":{"line":40,"column":78}},"25":{"start":{"line":44,"column":0},"end":{"line":44,"column":33}}},"fnMap":{"0":{"name":"(anonymous_0)","decl":{"start":{"line":11,"column":94},"end":{"line":11,"column":95}},"loc":{"start":{"line":11,"column":104},"end":{"line":11,"column":122}},"line":11},"1":{"name":"(anonymous_1)","decl":{"start":{"line":14,"column":24},"end":{"line":14,"column":25}},"loc":{"start":{"line":14,"column":44},"end":{"line":42,"column":1}},"line":14}},"branchMap":{"0":{"loc":{"start":{"line":17,"column":8},"end":{"line":17,"column":87}},"type":"if","locations":[{"start":{"line":17,"column":8},"end":{"line":17,"column":87}},{"start":{"line":17,"column":8},"end":{"line":17,"column":87}}],"line":17},"1":{"loc":{"start":{"line":20,"column":8},"end":{"line":20,"column":103}},"type":"if","locations":[{"start":{"line":20,"column":8},"end":{"line":20,"column":103}},{"start":{"line":20,"column":8},"end":{"line":20,"column":103}}],"line":20},"2":{"loc":{"start":{"line":35,"column":8},"end":{"line":35,"column":109}},"type":"if","locations":[{"start":{"line":35,"column":8},"end":{"line":35,"column":109}},{"start":{"line":35,"column":8},"end":{"line":35,"column":109}}],"line":35}},"s":{"0":1,"1":1,"2":1,"3":1,"4":1,"5":1,"6":1,"7":1,"8":0,"9":1,"10":0,"11":0,"12":0,"13":0,"14":0,"15":0,"16":0,"17":0,"18":0,"19":0,"20":0,"21":0,"22":0,"23":0,"24":0,"25":1},"f":{"0":0,"1":0},"b":{"0":[0,0],"1":[0,0],"2":[0,0]},"_coverageSchema":"1a1c01bbd47fc00a2c39e90264f33305004495a9","hash":"73f227748e3f231df3b2b53e949fc59bceb7847d","contentHash":"5e835b4107b4b59ac908a3c7bfcbdd1a6288af3acaaf1c5108e7127f04022c4b"},"C:\\Users\\manu_\\Desktop\\TestigosJava\\TestigosDeJava-CtrlStockSuperMami\\src\\apis\\user\\controllers\\deleteUser.js":{"path":"C:\\Users\\manu_\\Desktop\\TestigosJava\\TestigosDeJava-CtrlStockSuperMami\\src\\apis\\user\\controllers\\deleteUser.js","statementMap":{"0":{"start":{"line":1,"column":19},"end":{"line":1,"column":55}},"1":{"start":{"line":2,"column":13},"end":{"line":2,"column":44}},"2":{"start":{"line":3,"column":15},"end":{"line":3,"column":32}},"3":{"start":{"line":5,"column":19},"end":{"line":27,"column":1}},"4":{"start":{"line":6,"column":4},"end":{"line":26,"column":5}},"5":{"start":{"line":8,"column":22},"end":{"line":8,"column":40}},"6":{"start":{"line":9,"column":8},"end":{"line":22,"column":9}},"7":{"start":{"line":11,"column":27},"end":{"line":11,"column":37}},"8":{"start":{"line":12,"column":12},"end":{"line":17,"column":19}},"9":{"start":{"line":19,"column":12},"end":{"line":19,"column":86}},"10":{"start":{"line":21,"column":12},"end":{"line":21,"column":64}},"11":{"start":{"line":25,"column":8},"end":{"line":25,"column":78}},"12":{"start":{"line":29,"column":0},"end":{"line":29,"column":28}}},"fnMap":{"0":{"name":"(anonymous_0)","decl":{"start":{"line":5,"column":19},"end":{"line":5,"column":20}},"loc":{"start":{"line":5,"column":39},"end":{"line":27,"column":1}},"line":5}},"branchMap":{"0":{"loc":{"start":{"line":9,"column":8},"end":{"line":22,"column":9}},"type":"if","locations":[{"start":{"line":9,"column":8},"end":{"line":22,"column":9}},{"start":{"line":9,"column":8},"end":{"line":22,"column":9}}],"line":9}},"s":{"0":1,"1":1,"2":1,"3":1,"4":0,"5":0,"6":0,"7":0,"8":0,"9":0,"10":0,"11":0,"12":1},"f":{"0":0},"b":{"0":[0,0]},"_coverageSchema":"1a1c01bbd47fc00a2c39e90264f33305004495a9","hash":"6bb848210509bae282faf4d22ec11744c6b48b90","contentHash":"4f79e73620bedbf06fb7ef1583febd432f3c585c50935b673639e8aba409f6f7"},"C:\\Users\\manu_\\Desktop\\TestigosJava\\TestigosDeJava-CtrlStockSuperMami\\src\\apis\\user\\controllers\\putUserAdmin.js":{"path":"C:\\Users\\manu_\\Desktop\\TestigosJava\\TestigosDeJava-CtrlStockSuperMami\\src\\apis\\user\\controllers\\putUserAdmin.js","statementMap":{"0":{"start":{"line":1,"column":18},"end":{"line":1,"column":53}},"1":{"start":{"line":2,"column":12},"end":{"line":2,"column":26}},"2":{"start":{"line":3,"column":19},"end":{"line":3,"column":55}},"3":{"start":{"line":4,"column":13},"end":{"line":4,"column":44}},"4":{"start":{"line":5,"column":15},"end":{"line":5,"column":32}},"5":{"start":{"line":6,"column":21},"end":{"line":6,"column":54}},"6":{"start":{"line":8,"column":15},"end":{"line":15,"column":2}},"7":{"start":{"line":12,"column":102},"end":{"line":12,"column":120}},"8":{"start":{"line":17,"column":20},"end":{"line":46,"column":1}},"9":{"start":{"line":18,"column":4},"end":{"line":45,"column":5}},"10":{"start":{"line":20,"column":22},"end":{"line":20,"column":40}},"11":{"start":{"line":21,"column":8},"end":{"line":41,"column":9}},"12":{"start":{"line":23,"column":28},"end":{"line":23,"column":61}},"13":{"start":{"line":24,"column":12},"end":{"line":24,"column":91}},"14":{"start":{"line":24,"column":29},"end":{"line":24,"column":91}},"15":{"start":{"line":26,"column":27},"end":{"line":26,"column":37}},"16":{"start":{"line":27,"column":12},"end":{"line":27,"column":28}},"17":{"start":{"line":28,"column":12},"end":{"line":28,"column":38}},"18":{"start":{"line":30,"column":12},"end":{"line":35,"column":15}},"19":{"start":{"line":37,"column":12},"end":{"line":37,"column":85}},"20":{"start":{"line":40,"column":12},"end":{"line":40,"column":64}},"21":{"start":{"line":44,"column":8},"end":{"line":44,"column":78}},"22":{"start":{"line":48,"column":0},"end":{"line":48,"column":29}}},"fnMap":{"0":{"name":"(anonymous_0)","decl":{"start":{"line":12,"column":92},"end":{"line":12,"column":93}},"loc":{"start":{"line":12,"column":102},"end":{"line":12,"column":120}},"line":12},"1":{"name":"(anonymous_1)","decl":{"start":{"line":17,"column":20},"end":{"line":17,"column":21}},"loc":{"start":{"line":17,"column":40},"end":{"line":46,"column":1}},"line":17}},"branchMap":{"0":{"loc":{"start":{"line":21,"column":8},"end":{"line":41,"column":9}},"type":"if","locations":[{"start":{"line":21,"column":8},"end":{"line":41,"column":9}},{"start":{"line":21,"column":8},"end":{"line":41,"column":9}}],"line":21},"1":{"loc":{"start":{"line":24,"column":12},"end":{"line":24,"column":91}},"type":"if","locations":[{"start":{"line":24,"column":12},"end":{"line":24,"column":91}},{"start":{"line":24,"column":12},"end":{"line":24,"column":91}}],"line":24}},"s":{"0":1,"1":1,"2":1,"3":1,"4":1,"5":1,"6":1,"7":0,"8":1,"9":0,"10":0,"11":0,"12":0,"13":0,"14":0,"15":0,"16":0,"17":0,"18":0,"19":0,"20":0,"21":0,"22":1},"f":{"0":0,"1":0},"b":{"0":[0,0],"1":[0,0]},"_coverageSchema":"1a1c01bbd47fc00a2c39e90264f33305004495a9","hash":"28f9bb7e0b93944ef9b84c35a68a78615e456f9d","contentHash":"1c79bcbd50f870fb344f46c02738260bcc2ffb106967eac13934b832e9b6dbfc"},"C:\\Users\\manu_\\Desktop\\TestigosJava\\TestigosDeJava-CtrlStockSuperMami\\src\\apis\\user\\controllers\\putPassword.js":{"path":"C:\\Users\\manu_\\Desktop\\TestigosJava\\TestigosDeJava-CtrlStockSuperMami\\src\\apis\\user\\controllers\\putPassword.js","statementMap":{"0":{"start":{"line":1,"column":13},"end":{"line":1,"column":44}},"1":{"start":{"line":2,"column":19},"end":{"line":2,"column":55}},"2":{"start":{"line":3,"column":12},"end":{"line":3,"column":26}},"3":{"start":{"line":4,"column":18},"end":{"line":4,"column":53}},"4":{"start":{"line":5,"column":25},"end":{"line":5,"column":58}},"5":{"start":{"line":6,"column":24},"end":{"line":6,"column":57}},"6":{"start":{"line":7,"column":15},"end":{"line":7,"column":32}},"7":{"start":{"line":9,"column":15},"end":{"line":13,"column":2}},"8":{"start":{"line":15,"column":20},"end":{"line":42,"column":1}},"9":{"start":{"line":16,"column":4},"end":{"line":41,"column":5}},"10":{"start":{"line":17,"column":22},"end":{"line":17,"column":40}},"11":{"start":{"line":19,"column":24},"end":{"line":19,"column":57}},"12":{"start":{"line":20,"column":8},"end":{"line":20,"column":87}},"13":{"start":{"line":20,"column":25},"end":{"line":20,"column":87}},"14":{"start":{"line":22,"column":8},"end":{"line":22,"column":170}},"15":{"start":{"line":22,"column":74},"end":{"line":22,"column":170}},"16":{"start":{"line":23,"column":8},"end":{"line":23,"column":175}},"17":{"start":{"line":23,"column":71},"end":{"line":23,"column":175}},"18":{"start":{"line":25,"column":21},"end":{"line":25,"column":54}},"19":{"start":{"line":27,"column":23},"end":{"line":27,"column":83}},"20":{"start":{"line":28,"column":8},"end":{"line":28,"column":122}},"21":{"start":{"line":28,"column":21},"end":{"line":28,"column":122}},"22":{"start":{"line":30,"column":31},"end":{"line":30,"column":67}},"23":{"start":{"line":32,"column":8},"end":{"line":35,"column":11}},"24":{"start":{"line":37,"column":8},"end":{"line":37,"column":85}},"25":{"start":{"line":40,"column":8},"end":{"line":40,"column":78}},"26":{"start":{"line":44,"column":0},"end":{"line":44,"column":29}}},"fnMap":{"0":{"name":"(anonymous_0)","decl":{"start":{"line":15,"column":20},"end":{"line":15,"column":21}},"loc":{"start":{"line":15,"column":40},"end":{"line":42,"column":1}},"line":15}},"branchMap":{"0":{"loc":{"start":{"line":20,"column":8},"end":{"line":20,"column":87}},"type":"if","locations":[{"start":{"line":20,"column":8},"end":{"line":20,"column":87}},{"start":{"line":20,"column":8},"end":{"line":20,"column":87}}],"line":20},"1":{"loc":{"start":{"line":22,"column":8},"end":{"line":22,"column":170}},"type":"if","locations":[{"start":{"line":22,"column":8},"end":{"line":22,"column":170}},{"start":{"line":22,"column":8},"end":{"line":22,"column":170}}],"line":22},"2":{"loc":{"start":{"line":23,"column":8},"end":{"line":23,"column":175}},"type":"if","locations":[{"start":{"line":23,"column":8},"end":{"line":23,"column":175}},{"start":{"line":23,"column":8},"end":{"line":23,"column":175}}],"line":23},"3":{"loc":{"start":{"line":28,"column":8},"end":{"line":28,"column":122}},"type":"if","locations":[{"start":{"line":28,"column":8},"end":{"line":28,"column":122}},{"start":{"line":28,"column":8},"end":{"line":28,"column":122}}],"line":28}},"s":{"0":1,"1":1,"2":1,"3":1,"4":1,"5":1,"6":1,"7":1,"8":1,"9":0,"10":0,"11":0,"12":0,"13":0,"14":0,"15":0,"16":0,"17":0,"18":0,"19":0,"20":0,"21":0,"22":0,"23":0,"24":0,"25":0,"26":1},"f":{"0":0},"b":{"0":[0,0],"1":[0,0],"2":[0,0],"3":[0,0]},"_coverageSchema":"1a1c01bbd47fc00a2c39e90264f33305004495a9","hash":"54b151b1bac48c1503cc8bb6f5104964aaa3d25e","contentHash":"ec721c17b920df2037113ee770d050aa4739c53ac8f0a6126c5156a23ac5a69a"},"C:\\Users\\manu_\\Desktop\\TestigosJava\\TestigosDeJava-CtrlStockSuperMami\\src\\apis\\user\\controllers\\putUser.js":{"path":"C:\\Users\\manu_\\Desktop\\TestigosJava\\TestigosDeJava-CtrlStockSuperMami\\src\\apis\\user\\controllers\\putUser.js","statementMap":{"0":{"start":{"line":1,"column":20},"end":{"line":1,"column":55}},"1":{"start":{"line":2,"column":12},"end":{"line":2,"column":26}},"2":{"start":{"line":3,"column":19},"end":{"line":3,"column":55}},"3":{"start":{"line":4,"column":13},"end":{"line":4,"column":44}},"4":{"start":{"line":5,"column":15},"end":{"line":5,"column":32}},"5":{"start":{"line":6,"column":21},"end":{"line":6,"column":54}},"6":{"start":{"line":8,"column":15},"end":{"line":12,"column":2}},"7":{"start":{"line":11,"column":102},"end":{"line":11,"column":120}},"8":{"start":{"line":14,"column":22},"end":{"line":34,"column":1}},"9":{"start":{"line":15,"column":4},"end":{"line":33,"column":5}},"10":{"start":{"line":17,"column":24},"end":{"line":17,"column":57}},"11":{"start":{"line":18,"column":8},"end":{"line":18,"column":87}},"12":{"start":{"line":18,"column":25},"end":{"line":18,"column":87}},"13":{"start":{"line":20,"column":22},"end":{"line":20,"column":40}},"14":{"start":{"line":21,"column":20},"end":{"line":21,"column":28}},"15":{"start":{"line":23,"column":20},"end":{"line":27,"column":10}},"16":{"start":{"line":29,"column":8},"end":{"line":29,"column":80}},"17":{"start":{"line":32,"column":8},"end":{"line":32,"column":78}},"18":{"start":{"line":36,"column":0},"end":{"line":36,"column":31}}},"fnMap":{"0":{"name":"(anonymous_0)","decl":{"start":{"line":11,"column":92},"end":{"line":11,"column":93}},"loc":{"start":{"line":11,"column":102},"end":{"line":11,"column":120}},"line":11},"1":{"name":"(anonymous_1)","decl":{"start":{"line":14,"column":22},"end":{"line":14,"column":23}},"loc":{"start":{"line":14,"column":41},"end":{"line":34,"column":1}},"line":14}},"branchMap":{"0":{"loc":{"start":{"line":18,"column":8},"end":{"line":18,"column":87}},"type":"if","locations":[{"start":{"line":18,"column":8},"end":{"line":18,"column":87}},{"start":{"line":18,"column":8},"end":{"line":18,"column":87}}],"line":18}},"s":{"0":1,"1":1,"2":1,"3":1,"4":1,"5":1,"6":1,"7":0,"8":1,"9":0,"10":0,"11":0,"12":0,"13":0,"14":0,"15":0,"16":0,"17":0,"18":1},"f":{"0":0,"1":0},"b":{"0":[0,0]},"_coverageSchema":"1a1c01bbd47fc00a2c39e90264f33305004495a9","hash":"5c087c7447aea3a43e6fafddad7aced1cbf8e4e9","contentHash":"fdcfebba2fd0f7fa26aa13af1608b4987fb0affd947569f09f2db255720933ab"},"C:\\Users\\manu_\\Desktop\\TestigosJava\\TestigosDeJava-CtrlStockSuperMami\\src\\apis\\item\\index.js":{"path":"C:\\Users\\manu_\\Desktop\\TestigosJava\\TestigosDeJava-CtrlStockSuperMami\\src\\apis\\item\\index.js","statementMap":{"0":{"start":{"line":1,"column":16},"end":{"line":1,"column":34}},"1":{"start":{"line":2,"column":35},"end":{"line":2,"column":63}},"2":{"start":{"line":3,"column":24},"end":{"line":3,"column":61}},"3":{"start":{"line":4,"column":19},"end":{"line":4,"column":51}},"4":{"start":{"line":5,"column":17},"end":{"line":5,"column":49}},"5":{"start":{"line":6,"column":17},"end":{"line":6,"column":50}},"6":{"start":{"line":7,"column":15},"end":{"line":7,"column":31}},"7":{"start":{"line":10,"column":0},"end":{"line":10,"column":62}},"8":{"start":{"line":11,"column":0},"end":{"line":11,"column":73}},"9":{"start":{"line":12,"column":0},"end":{"line":12,"column":50}},"10":{"start":{"line":13,"column":0},"end":{"line":13,"column":52}},"11":{"start":{"line":15,"column":0},"end":{"line":15,"column":22}}},"fnMap":{},"branchMap":{},"s":{"0":1,"1":1,"2":1,"3":1,"4":1,"5":1,"6":1,"7":1,"8":1,"9":1,"10":1,"11":1},"f":{},"b":{},"_coverageSchema":"1a1c01bbd47fc00a2c39e90264f33305004495a9","hash":"dcd79558467dce10e20c123a80ddec199a072384","contentHash":"39349be0b7d2d2f9392257f4764bf9d172f7a0819b31b326b53ae20daca37a9f"},"C:\\Users\\manu_\\Desktop\\TestigosJava\\TestigosDeJava-CtrlStockSuperMami\\src\\apis\\item\\controllers\\putItemState.js":{"path":"C:\\Users\\manu_\\Desktop\\TestigosJava\\TestigosDeJava-CtrlStockSuperMami\\src\\apis\\item\\controllers\\putItemState.js","statementMap":{"0":{"start":{"line":1,"column":29},"end":{"line":1,"column":60}},"1":{"start":{"line":2,"column":19},"end":{"line":2,"column":55}},"2":{"start":{"line":3,"column":15},"end":{"line":3,"column":32}},"3":{"start":{"line":5,"column":24},"end":{"line":24,"column":1}},"4":{"start":{"line":6,"column":2},"end":{"line":23,"column":3}},"5":{"start":{"line":7,"column":18},"end":{"line":7,"column":36}},"6":{"start":{"line":8,"column":18},"end":{"line":8,"column":30}},"7":{"start":{"line":9,"column":19},"end":{"line":9,"column":29}},"8":{"start":{"line":11,"column":4},"end":{"line":20,"column":5}},"9":{"start":{"line":12,"column":18},"end":{"line":14,"column":59}},"10":{"start":{"line":15,"column":6},"end":{"line":15,"column":105}},"11":{"start":{"line":15,"column":34},"end":{"line":15,"column":105}},"12":{"start":{"line":17,"column":6},"end":{"line":17,"column":79}},"13":{"start":{"line":19,"column":6},"end":{"line":19,"column":81}},"14":{"start":{"line":22,"column":4},"end":{"line":22,"column":74}},"15":{"start":{"line":26,"column":0},"end":{"line":26,"column":33}}},"fnMap":{"0":{"name":"(anonymous_0)","decl":{"start":{"line":5,"column":24},"end":{"line":5,"column":25}},"loc":{"start":{"line":5,"column":44},"end":{"line":24,"column":1}},"line":5}},"branchMap":{"0":{"loc":{"start":{"line":11,"column":4},"end":{"line":20,"column":5}},"type":"if","locations":[{"start":{"line":11,"column":4},"end":{"line":20,"column":5}},{"start":{"line":11,"column":4},"end":{"line":20,"column":5}}],"line":11},"1":{"loc":{"start":{"line":15,"column":6},"end":{"line":15,"column":105}},"type":"if","locations":[{"start":{"line":15,"column":6},"end":{"line":15,"column":105}},{"start":{"line":15,"column":6},"end":{"line":15,"column":105}}],"line":15}},"s":{"0":1,"1":1,"2":1,"3":1,"4":2,"5":2,"6":2,"7":2,"8":2,"9":2,"10":2,"11":1,"12":1,"13":0,"14":0,"15":1},"f":{"0":2},"b":{"0":[2,0],"1":[1,1]},"_coverageSchema":"1a1c01bbd47fc00a2c39e90264f33305004495a9","hash":"db87160cd799e905c4c66b1d7b277b28da0b514b","contentHash":"db03df837decd7b1dbb26d6dc8c8aaeb65a0832ea10add23d9f7874a6568c9de"},"C:\\Users\\manu_\\Desktop\\TestigosJava\\TestigosDeJava-CtrlStockSuperMami\\src\\models\\item.js":{"path":"C:\\Users\\manu_\\Desktop\\TestigosJava\\TestigosDeJava-CtrlStockSuperMami\\src\\models\\item.js","statementMap":{"0":{"start":{"line":1,"column":17},"end":{"line":1,"column":36}},"1":{"start":{"line":2,"column":16},"end":{"line":2,"column":43}},"2":{"start":{"line":3,"column":15},"end":{"line":3,"column":30}},"3":{"start":{"line":5,"column":0},"end":{"line":7,"column":1}},"4":{"start":{"line":6,"column":2},"end":{"line":6,"column":30}},"5":{"start":{"line":9,"column":19},"end":{"line":9,"column":26}},"6":{"start":{"line":10,"column":19},"end":{"line":66,"column":14}},"7":{"start":{"line":68,"column":0},"end":{"line":68,"column":32}}},"fnMap":{},"branchMap":{"0":{"loc":{"start":{"line":5,"column":0},"end":{"line":7,"column":1}},"type":"if","locations":[{"start":{"line":5,"column":0},"end":{"line":7,"column":1}},{"start":{"line":5,"column":0},"end":{"line":7,"column":1}}],"line":5}},"s":{"0":1,"1":1,"2":1,"3":1,"4":0,"5":1,"6":1,"7":1},"f":{},"b":{"0":[0,1]},"_coverageSchema":"1a1c01bbd47fc00a2c39e90264f33305004495a9","hash":"e585c7abd03ad56d9a866c6a505b7d3f925d48dd","contentHash":"42cd2a529d9f196bb7683381ca219524efe282f9f5f68809d533feb6ebc2549e"},"C:\\Users\\manu_\\Desktop\\TestigosJava\\TestigosDeJava-CtrlStockSuperMami\\src\\apis\\item\\controllers\\putItem.js":{"path":"C:\\Users\\manu_\\Desktop\\TestigosJava\\TestigosDeJava-CtrlStockSuperMami\\src\\apis\\item\\controllers\\putItem.js","statementMap":{"0":{"start":{"line":1,"column":29},"end":{"line":1,"column":60}},"1":{"start":{"line":2,"column":19},"end":{"line":2,"column":55}},"2":{"start":{"line":3,"column":12},"end":{"line":3,"column":26}},"3":{"start":{"line":4,"column":18},"end":{"line":4,"column":53}},"4":{"start":{"line":5,"column":15},"end":{"line":5,"column":32}},"5":{"start":{"line":7,"column":15},"end":{"line":15,"column":2}},"6":{"start":{"line":17,"column":19},"end":{"line":39,"column":1}},"7":{"start":{"line":18,"column":2},"end":{"line":38,"column":3}},"8":{"start":{"line":19,"column":18},"end":{"line":19,"column":36}},"9":{"start":{"line":21,"column":4},"end":{"line":35,"column":5}},"10":{"start":{"line":22,"column":22},"end":{"line":22,"column":55}},"11":{"start":{"line":23,"column":6},"end":{"line":23,"column":85}},"12":{"start":{"line":23,"column":23},"end":{"line":23,"column":85}},"13":{"start":{"line":25,"column":21},"end":{"line":25,"column":31}},"14":{"start":{"line":26,"column":18},"end":{"line":29,"column":7}},"15":{"start":{"line":30,"column":6},"end":{"line":30,"column":104}},"16":{"start":{"line":30,"column":33},"end":{"line":30,"column":104}},"17":{"start":{"line":32,"column":6},"end":{"line":32,"column":81}},"18":{"start":{"line":34,"column":6},"end":{"line":34,"column":81}},"19":{"start":{"line":37,"column":4},"end":{"line":37,"column":74}},"20":{"start":{"line":41,"column":0},"end":{"line":41,"column":28}}},"fnMap":{"0":{"name":"(anonymous_0)","decl":{"start":{"line":17,"column":19},"end":{"line":17,"column":20}},"loc":{"start":{"line":17,"column":39},"end":{"line":39,"column":1}},"line":17}},"branchMap":{"0":{"loc":{"start":{"line":21,"column":4},"end":{"line":35,"column":5}},"type":"if","locations":[{"start":{"line":21,"column":4},"end":{"line":35,"column":5}},{"start":{"line":21,"column":4},"end":{"line":35,"column":5}}],"line":21},"1":{"loc":{"start":{"line":23,"column":6},"end":{"line":23,"column":85}},"type":"if","locations":[{"start":{"line":23,"column":6},"end":{"line":23,"column":85}},{"start":{"line":23,"column":6},"end":{"line":23,"column":85}}],"line":23},"2":{"loc":{"start":{"line":30,"column":6},"end":{"line":30,"column":104}},"type":"if","locations":[{"start":{"line":30,"column":6},"end":{"line":30,"column":104}},{"start":{"line":30,"column":6},"end":{"line":30,"column":104}}],"line":30}},"s":{"0":1,"1":1,"2":1,"3":1,"4":1,"5":1,"6":1,"7":4,"8":4,"9":4,"10":4,"11":4,"12":3,"13":1,"14":1,"15":1,"16":0,"17":1,"18":0,"19":0,"20":1},"f":{"0":4},"b":{"0":[4,0],"1":[3,1],"2":[0,1]},"_coverageSchema":"1a1c01bbd47fc00a2c39e90264f33305004495a9","hash":"033411616993c2f5ab82b50d62c7aa12e7d23f9a","contentHash":"29aba00367b347d58b236f4fb4e09935ca5b2df6ff2c60fa3846bf6746af51ac"},"C:\\Users\\manu_\\Desktop\\TestigosJava\\TestigosDeJava-CtrlStockSuperMami\\src\\apis\\item\\controllers\\getItem.js":{"path":"C:\\Users\\manu_\\Desktop\\TestigosJava\\TestigosDeJava-CtrlStockSuperMami\\src\\apis\\item\\controllers\\getItem.js","statementMap":{"0":{"start":{"line":1,"column":23},"end":{"line":1,"column":54}},"1":{"start":{"line":2,"column":19},"end":{"line":2,"column":55}},"2":{"start":{"line":4,"column":20},"end":{"line":35,"column":1}},"3":{"start":{"line":5,"column":2},"end":{"line":30,"column":3}},"4":{"start":{"line":6,"column":18},"end":{"line":6,"column":36}},"5":{"start":{"line":7,"column":4},"end":{"line":24,"column":5}},"6":{"start":{"line":8,"column":30},"end":{"line":8,"column":39}},"7":{"start":{"line":9,"column":6},"end":{"line":23,"column":7}},"8":{"start":{"line":11,"column":22},"end":{"line":11,"column":45}},"9":{"start":{"line":12,"column":8},"end":{"line":12,"column":43}},"10":{"start":{"line":14,"column":13},"end":{"line":23,"column":7}},"11":{"start":{"line":16,"column":21},"end":{"line":16,"column":50}},"12":{"start":{"line":17,"column":8},"end":{"line":17,"column":42}},"13":{"start":{"line":19,"column":12},"end":{"line":23,"column":7}},"14":{"start":{"line":21,"column":22},"end":{"line":21,"column":54}},"15":{"start":{"line":22,"column":8},"end":{"line":22,"column":43}},"16":{"start":{"line":26,"column":4},"end":{"line":26,"column":79}},"17":{"start":{"line":28,"column":4},"end":{"line":28,"column":74}},"18":{"start":{"line":37,"column":0},"end":{"line":37,"column":29}}},"fnMap":{"0":{"name":"(anonymous_0)","decl":{"start":{"line":4,"column":20},"end":{"line":4,"column":21}},"loc":{"start":{"line":4,"column":40},"end":{"line":35,"column":1}},"line":4}},"branchMap":{"0":{"loc":{"start":{"line":7,"column":4},"end":{"line":24,"column":5}},"type":"if","locations":[{"start":{"line":7,"column":4},"end":{"line":24,"column":5}},{"start":{"line":7,"column":4},"end":{"line":24,"column":5}}],"line":7},"1":{"loc":{"start":{"line":9,"column":6},"end":{"line":23,"column":7}},"type":"if","locations":[{"start":{"line":9,"column":6},"end":{"line":23,"column":7}},{"start":{"line":9,"column":6},"end":{"line":23,"column":7}}],"line":9},"2":{"loc":{"start":{"line":9,"column":10},"end":{"line":9,"column":25}},"type":"binary-expr","locations":[{"start":{"line":9,"column":10},"end":{"line":9,"column":16}},{"start":{"line":9,"column":20},"end":{"line":9,"column":25}}],"line":9},"3":{"loc":{"start":{"line":14,"column":13},"end":{"line":23,"column":7}},"type":"if","locations":[{"start":{"line":14,"column":13},"end":{"line":23,"column":7}},{"start":{"line":14,"column":13},"end":{"line":23,"column":7}}],"line":14},"4":{"loc":{"start":{"line":19,"column":12},"end":{"line":23,"column":7}},"type":"if","locations":[{"start":{"line":19,"column":12},"end":{"line":23,"column":7}},{"start":{"line":19,"column":12},"end":{"line":23,"column":7}}],"line":19}},"s":{"0":1,"1":1,"2":1,"3":3,"4":3,"5":3,"6":3,"7":3,"8":1,"9":1,"10":2,"11":1,"12":1,"13":1,"14":1,"15":1,"16":0,"17":0,"18":1},"f":{"0":3},"b":{"0":[3,0],"1":[1,2],"2":[3,2],"3":[1,1],"4":[1,0]},"_coverageSchema":"1a1c01bbd47fc00a2c39e90264f33305004495a9","hash":"4e9561381b18269a920c48bf57560fa9f3aa2bb5","contentHash":"5bbb46d473457fa0284dcafb552eb903f2afeb5d643f78740a9a77fcd5dc0c9c"},"C:\\Users\\manu_\\Desktop\\TestigosJava\\TestigosDeJava-CtrlStockSuperMami\\src\\apis\\item\\controllers\\postItem.js":{"path":"C:\\Users\\manu_\\Desktop\\TestigosJava\\TestigosDeJava-CtrlStockSuperMami\\src\\apis\\item\\controllers\\postItem.js","statementMap":{"0":{"start":{"line":1,"column":23},"end":{"line":1,"column":54}},"1":{"start":{"line":2,"column":19},"end":{"line":2,"column":55}},"2":{"start":{"line":3,"column":15},"end":{"line":3,"column":32}},"3":{"start":{"line":4,"column":12},"end":{"line":4,"column":26}},"4":{"start":{"line":5,"column":18},"end":{"line":5,"column":53}},"5":{"start":{"line":7,"column":15},"end":{"line":15,"column":2}},"6":{"start":{"line":17,"column":17},"end":{"line":46,"column":1}},"7":{"start":{"line":19,"column":2},"end":{"line":45,"column":3}},"8":{"start":{"line":20,"column":18},"end":{"line":20,"column":36}},"9":{"start":{"line":22,"column":20},"end":{"line":22,"column":53}},"10":{"start":{"line":23,"column":4},"end":{"line":23,"column":83}},"11":{"start":{"line":23,"column":21},"end":{"line":23,"column":83}},"12":{"start":{"line":25,"column":4},"end":{"line":40,"column":5}},"13":{"start":{"line":27,"column":20},"end":{"line":27,"column":66}},"14":{"start":{"line":28,"column":6},"end":{"line":28,"column":121}},"15":{"start":{"line":28,"column":24},"end":{"line":28,"column":121}},"16":{"start":{"line":30,"column":19},"end":{"line":35,"column":8}},"17":{"start":{"line":36,"column":18},"end":{"line":36,"column":37}},"18":{"start":{"line":37,"column":6},"end":{"line":37,"column":76}},"19":{"start":{"line":37,"column":15},"end":{"line":37,"column":76}},"20":{"start":{"line":38,"column":6},"end":{"line":38,"column":24}},"21":{"start":{"line":39,"column":6},"end":{"line":39,"column":83}},"22":{"start":{"line":41,"column":4},"end":{"line":41,"column":79}},"23":{"start":{"line":44,"column":4},"end":{"line":44,"column":74}},"24":{"start":{"line":48,"column":0},"end":{"line":48,"column":26}}},"fnMap":{"0":{"name":"(anonymous_0)","decl":{"start":{"line":17,"column":17},"end":{"line":17,"column":18}},"loc":{"start":{"line":17,"column":37},"end":{"line":46,"column":1}},"line":17}},"branchMap":{"0":{"loc":{"start":{"line":23,"column":4},"end":{"line":23,"column":83}},"type":"if","locations":[{"start":{"line":23,"column":4},"end":{"line":23,"column":83}},{"start":{"line":23,"column":4},"end":{"line":23,"column":83}}],"line":23},"1":{"loc":{"start":{"line":25,"column":4},"end":{"line":40,"column":5}},"type":"if","locations":[{"start":{"line":25,"column":4},"end":{"line":40,"column":5}},{"start":{"line":25,"column":4},"end":{"line":40,"column":5}}],"line":25},"2":{"loc":{"start":{"line":28,"column":6},"end":{"line":28,"column":121}},"type":"if","locations":[{"start":{"line":28,"column":6},"end":{"line":28,"column":121}},{"start":{"line":28,"column":6},"end":{"line":28,"column":121}}],"line":28},"3":{"loc":{"start":{"line":37,"column":6},"end":{"line":37,"column":76}},"type":"if","locations":[{"start":{"line":37,"column":6},"end":{"line":37,"column":76}},{"start":{"line":37,"column":6},"end":{"line":37,"column":76}}],"line":37}},"s":{"0":1,"1":1,"2":1,"3":1,"4":1,"5":1,"6":1,"7":4,"8":4,"9":4,"10":4,"11":1,"12":3,"13":3,"14":3,"15":1,"16":2,"17":2,"18":2,"19":0,"20":2,"21":2,"22":0,"23":0,"24":1},"f":{"0":4},"b":{"0":[1,3],"1":[3,0],"2":[1,2],"3":[0,2]},"_coverageSchema":"1a1c01bbd47fc00a2c39e90264f33305004495a9","hash":"1490f161907cd214730ea5e8eaa9e55e3308a93d","contentHash":"2ccebdc3c9d1f900bfe68201b7187c94a6f75523243308935eb1f774eb7224f2"},"C:\\Users\\manu_\\Desktop\\TestigosJava\\TestigosDeJava-CtrlStockSuperMami\\src\\apis\\storage\\index.js":{"path":"C:\\Users\\manu_\\Desktop\\TestigosJava\\TestigosDeJava-CtrlStockSuperMami\\src\\apis\\storage\\index.js","statementMap":{"0":{"start":{"line":1,"column":16},"end":{"line":1,"column":34}},"1":{"start":{"line":2,"column":36},"end":{"line":2,"column":64}},"2":{"start":{"line":3,"column":19},"end":{"line":3,"column":54}},"3":{"start":{"line":4,"column":20},"end":{"line":4,"column":56}},"4":{"start":{"line":5,"column":24},"end":{"line":5,"column":64}},"5":{"start":{"line":6,"column":19},"end":{"line":6,"column":54}},"6":{"start":{"line":8,"column":15},"end":{"line":8,"column":31}},"7":{"start":{"line":10,"column":0},"end":{"line":10,"column":27}},"8":{"start":{"line":11,"column":0},"end":{"line":11,"column":67}},"9":{"start":{"line":12,"column":0},"end":{"line":12,"column":58}},"10":{"start":{"line":13,"column":0},"end":{"line":13,"column":62}},"11":{"start":{"line":15,"column":0},"end":{"line":15,"column":24}}},"fnMap":{},"branchMap":{},"s":{"0":1,"1":1,"2":1,"3":1,"4":1,"5":1,"6":1,"7":1,"8":1,"9":1,"10":1,"11":1},"f":{},"b":{},"_coverageSchema":"1a1c01bbd47fc00a2c39e90264f33305004495a9","hash":"51b7054c3dda90f0e233bc0b6c7facc2e291eedb","contentHash":"ee6589563cd51e37dbde98e19a5f49bcbbf37aaaa585fab9f35c98262522d79d"},"C:\\Users\\manu_\\Desktop\\TestigosJava\\TestigosDeJava-CtrlStockSuperMami\\src\\apis\\storage\\controllers\\getStorage.js":{"path":"C:\\Users\\manu_\\Desktop\\TestigosJava\\TestigosDeJava-CtrlStockSuperMami\\src\\apis\\storage\\controllers\\getStorage.js","statementMap":{"0":{"start":{"line":1,"column":24},"end":{"line":1,"column":58}},"1":{"start":{"line":2,"column":19},"end":{"line":2,"column":55}},"2":{"start":{"line":4,"column":19},"end":{"line":48,"column":1}},"3":{"start":{"line":5,"column":2},"end":{"line":47,"column":3}},"4":{"start":{"line":6,"column":26},"end":{"line":6,"column":35}},"5":{"start":{"line":8,"column":19},"end":{"line":8,"column":21}},"6":{"start":{"line":10,"column":4},"end":{"line":21,"column":5}},"7":{"start":{"line":11,"column":22},"end":{"line":11,"column":57}},"8":{"start":{"line":12,"column":6},"end":{"line":12,"column":91}},"9":{"start":{"line":12,"column":20},"end":{"line":12,"column":91}},"10":{"start":{"line":14,"column":6},"end":{"line":14,"column":29}},"11":{"start":{"line":16,"column":11},"end":{"line":21,"column":5}},"12":{"start":{"line":17,"column":6},"end":{"line":17,"column":53}},"13":{"start":{"line":20,"column":6},"end":{"line":20,"column":44}},"14":{"start":{"line":23,"column":6},"end":{"line":23,"column":19}},"15":{"start":{"line":24,"column":6},"end":{"line":41,"column":8}},"16":{"start":{"line":25,"column":19},"end":{"line":25,"column":20}},"17":{"start":{"line":27,"column":8},"end":{"line":29,"column":10}},"18":{"start":{"line":28,"column":10},"end":{"line":28,"column":37}},"19":{"start":{"line":28,"column":29},"end":{"line":28,"column":37}},"20":{"start":{"line":31,"column":20},"end":{"line":31,"column":21}},"21":{"start":{"line":32,"column":8},"end":{"line":34,"column":9}},"22":{"start":{"line":33,"column":10},"end":{"line":33,"column":51}},"23":{"start":{"line":36,"column":19},"end":{"line":39,"column":9}},"24":{"start":{"line":40,"column":8},"end":{"line":40,"column":28}},"25":{"start":{"line":43,"column":6},"end":{"line":43,"column":44}},"26":{"start":{"line":46,"column":4},"end":{"line":46,"column":74}},"27":{"start":{"line":50,"column":0},"end":{"line":50,"column":28}}},"fnMap":{"0":{"name":"(anonymous_0)","decl":{"start":{"line":4,"column":19},"end":{"line":4,"column":20}},"loc":{"start":{"line":4,"column":39},"end":{"line":48,"column":1}},"line":4},"1":{"name":"(anonymous_1)","decl":{"start":{"line":24,"column":23},"end":{"line":24,"column":24}},"loc":{"start":{"line":24,"column":34},"end":{"line":41,"column":7}},"line":24},"2":{"name":"(anonymous_2)","decl":{"start":{"line":27,"column":29},"end":{"line":27,"column":30}},"loc":{"start":{"line":27,"column":36},"end":{"line":29,"column":9}},"line":27}},"branchMap":{"0":{"loc":{"start":{"line":10,"column":4},"end":{"line":21,"column":5}},"type":"if","locations":[{"start":{"line":10,"column":4},"end":{"line":21,"column":5}},{"start":{"line":10,"column":4},"end":{"line":21,"column":5}}],"line":10},"1":{"loc":{"start":{"line":12,"column":6},"end":{"line":12,"column":91}},"type":"if","locations":[{"start":{"line":12,"column":6},"end":{"line":12,"column":91}},{"start":{"line":12,"column":6},"end":{"line":12,"column":91}}],"line":12},"2":{"loc":{"start":{"line":16,"column":11},"end":{"line":21,"column":5}},"type":"if","locations":[{"start":{"line":16,"column":11},"end":{"line":21,"column":5}},{"start":{"line":16,"column":11},"end":{"line":21,"column":5}}],"line":16},"3":{"loc":{"start":{"line":28,"column":10},"end":{"line":28,"column":37}},"type":"if","locations":[{"start":{"line":28,"column":10},"end":{"line":28,"column":37}},{"start":{"line":28,"column":10},"end":{"line":28,"column":37}}],"line":28},"4":{"loc":{"start":{"line":32,"column":8},"end":{"line":34,"column":9}},"type":"if","locations":[{"start":{"line":32,"column":8},"end":{"line":34,"column":9}},{"start":{"line":32,"column":8},"end":{"line":34,"column":9}}],"line":32}},"s":{"0":1,"1":1,"2":1,"3":0,"4":0,"5":0,"6":0,"7":0,"8":0,"9":0,"10":0,"11":0,"12":0,"13":0,"14":0,"15":0,"16":0,"17":0,"18":0,"19":0,"20":0,"21":0,"22":0,"23":0,"24":0,"25":0,"26":0,"27":1},"f":{"0":0,"1":0,"2":0},"b":{"0":[0,0],"1":[0,0],"2":[0,0],"3":[0,0],"4":[0,0]},"_coverageSchema":"1a1c01bbd47fc00a2c39e90264f33305004495a9","hash":"3745eb32a8688eaf0c6491942a0e78b274d84d4c","contentHash":"de5dbf1c1e081f1e42ba9c54d33373727d0026411b8b2a233b45a7bd9341041d"},"C:\\Users\\manu_\\Desktop\\TestigosJava\\TestigosDeJava-CtrlStockSuperMami\\src\\models\\storage.js":{"path":"C:\\Users\\manu_\\Desktop\\TestigosJava\\TestigosDeJava-CtrlStockSuperMami\\src\\models\\storage.js","statementMap":{"0":{"start":{"line":1,"column":17},"end":{"line":1,"column":36}},"1":{"start":{"line":2,"column":15},"end":{"line":2,"column":30}},"2":{"start":{"line":4,"column":19},"end":{"line":16,"column":1}},"3":{"start":{"line":18,"column":0},"end":{"line":18,"column":38}},"4":{"start":{"line":20,"column":19},"end":{"line":20,"column":29}},"5":{"start":{"line":21,"column":22},"end":{"line":45,"column":14}},"6":{"start":{"line":47,"column":0},"end":{"line":47,"column":35}}},"fnMap":{},"branchMap":{},"s":{"0":1,"1":1,"2":1,"3":1,"4":1,"5":1,"6":1},"f":{},"b":{},"_coverageSchema":"1a1c01bbd47fc00a2c39e90264f33305004495a9","hash":"ceb51116a15f1a00c13b0f5f17648030a1150f81","contentHash":"db966638e48e46b5e52e38279308ae8358e48e097705147d801a99002b369763"},"C:\\Users\\manu_\\Desktop\\TestigosJava\\TestigosDeJava-CtrlStockSuperMami\\src\\apis\\storage\\controllers\\postStorage.js":{"path":"C:\\Users\\manu_\\Desktop\\TestigosJava\\TestigosDeJava-CtrlStockSuperMami\\src\\apis\\storage\\controllers\\postStorage.js","statementMap":{"0":{"start":{"line":1,"column":26},"end":{"line":1,"column":60}},"1":{"start":{"line":2,"column":19},"end":{"line":2,"column":55}},"2":{"start":{"line":3,"column":15},"end":{"line":3,"column":32}},"3":{"start":{"line":4,"column":12},"end":{"line":4,"column":26}},"4":{"start":{"line":5,"column":18},"end":{"line":5,"column":53}},"5":{"start":{"line":7,"column":15},"end":{"line":12,"column":2}},"6":{"start":{"line":14,"column":13},"end":{"line":14,"column":41}},"7":{"start":{"line":16,"column":20},"end":{"line":56,"column":1}},"8":{"start":{"line":17,"column":2},"end":{"line":55,"column":3}},"9":{"start":{"line":18,"column":18},"end":{"line":18,"column":36}},"10":{"start":{"line":20,"column":20},"end":{"line":20,"column":53}},"11":{"start":{"line":21,"column":4},"end":{"line":21,"column":83}},"12":{"start":{"line":21,"column":21},"end":{"line":21,"column":83}},"13":{"start":{"line":23,"column":4},"end":{"line":52,"column":5}},"14":{"start":{"line":25,"column":20},"end":{"line":25,"column":69}},"15":{"start":{"line":26,"column":6},"end":{"line":26,"column":120}},"16":{"start":{"line":26,"column":20},"end":{"line":26,"column":120}},"17":{"start":{"line":28,"column":22},"end":{"line":32,"column":8}},"18":{"start":{"line":34,"column":6},"end":{"line":42,"column":7}},"19":{"start":{"line":34,"column":19},"end":{"line":34,"column":20}},"20":{"start":{"line":35,"column":8},"end":{"line":41,"column":9}},"21":{"start":{"line":35,"column":21},"end":{"line":35,"column":22}},"22":{"start":{"line":36,"column":23},"end":{"line":39,"column":11}},"23":{"start":{"line":40,"column":10},"end":{"line":40,"column":34}},"24":{"start":{"line":44,"column":18},"end":{"line":44,"column":40}},"25":{"start":{"line":45,"column":6},"end":{"line":45,"column":76}},"26":{"start":{"line":45,"column":15},"end":{"line":45,"column":76}},"27":{"start":{"line":47,"column":6},"end":{"line":47,"column":27}},"28":{"start":{"line":48,"column":6},"end":{"line":48,"column":77}},"29":{"start":{"line":51,"column":6},"end":{"line":51,"column":81}},"30":{"start":{"line":54,"column":4},"end":{"line":54,"column":74}},"31":{"start":{"line":58,"column":0},"end":{"line":58,"column":29}}},"fnMap":{"0":{"name":"(anonymous_0)","decl":{"start":{"line":16,"column":20},"end":{"line":16,"column":21}},"loc":{"start":{"line":16,"column":40},"end":{"line":56,"column":1}},"line":16}},"branchMap":{"0":{"loc":{"start":{"line":21,"column":4},"end":{"line":21,"column":83}},"type":"if","locations":[{"start":{"line":21,"column":4},"end":{"line":21,"column":83}},{"start":{"line":21,"column":4},"end":{"line":21,"column":83}}],"line":21},"1":{"loc":{"start":{"line":23,"column":4},"end":{"line":52,"column":5}},"type":"if","locations":[{"start":{"line":23,"column":4},"end":{"line":52,"column":5}},{"start":{"line":23,"column":4},"end":{"line":52,"column":5}}],"line":23},"2":{"loc":{"start":{"line":23,"column":8},"end":{"line":23,"column":95}},"type":"binary-expr","locations":[{"start":{"line":23,"column":8},"end":{"line":23,"column":30}},{"start":{"line":23,"column":34},"end":{"line":23,"column":66}},{"start":{"line":23,"column":70},"end":{"line":23,"column":95}}],"line":23},"3":{"loc":{"start":{"line":26,"column":6},"end":{"line":26,"column":120}},"type":"if","locations":[{"start":{"line":26,"column":6},"end":{"line":26,"column":120}},{"start":{"line":26,"column":6},"end":{"line":26,"column":120}}],"line":26},"4":{"loc":{"start":{"line":45,"column":6},"end":{"line":45,"column":76}},"type":"if","locations":[{"start":{"line":45,"column":6},"end":{"line":45,"column":76}},{"start":{"line":45,"column":6},"end":{"line":45,"column":76}}],"line":45}},"s":{"0":1,"1":1,"2":1,"3":1,"4":1,"5":1,"6":1,"7":1,"8":0,"9":0,"10":0,"11":0,"12":0,"13":0,"14":0,"15":0,"16":0,"17":0,"18":0,"19":0,"20":0,"21":0,"22":0,"23":0,"24":0,"25":0,"26":0,"27":0,"28":0,"29":0,"30":0,"31":1},"f":{"0":0},"b":{"0":[0,0],"1":[0,0],"2":[0,0,0],"3":[0,0],"4":[0,0]},"_coverageSchema":"1a1c01bbd47fc00a2c39e90264f33305004495a9","hash":"37649d3acda133e22255157a3496f45f25c3f8e8","contentHash":"f85e65b78b0d4b3e81d19545883f6d47e02ff376afe9b589b636618bf529f708"},"C:\\Users\\manu_\\Desktop\\TestigosJava\\TestigosDeJava-CtrlStockSuperMami\\src\\apis\\storage\\controllers\\putStorageState.js":{"path":"C:\\Users\\manu_\\Desktop\\TestigosJava\\TestigosDeJava-CtrlStockSuperMami\\src\\apis\\storage\\controllers\\putStorageState.js","statementMap":{"0":{"start":{"line":1,"column":26},"end":{"line":1,"column":60}},"1":{"start":{"line":2,"column":19},"end":{"line":2,"column":55}},"2":{"start":{"line":3,"column":15},"end":{"line":3,"column":32}},"3":{"start":{"line":6,"column":27},"end":{"line":33,"column":1}},"4":{"start":{"line":8,"column":4},"end":{"line":32,"column":5}},"5":{"start":{"line":9,"column":22},"end":{"line":9,"column":40}},"6":{"start":{"line":11,"column":8},"end":{"line":28,"column":9}},"7":{"start":{"line":13,"column":27},"end":{"line":13,"column":37}},"8":{"start":{"line":15,"column":28},"end":{"line":20,"column":14}},"9":{"start":{"line":22,"column":12},"end":{"line":22,"column":115}},"10":{"start":{"line":22,"column":44},"end":{"line":22,"column":115}},"11":{"start":{"line":24,"column":12},"end":{"line":24,"column":100}},"12":{"start":{"line":27,"column":12},"end":{"line":27,"column":87}},"13":{"start":{"line":31,"column":8},"end":{"line":31,"column":78}},"14":{"start":{"line":35,"column":0},"end":{"line":35,"column":36}}},"fnMap":{"0":{"name":"(anonymous_0)","decl":{"start":{"line":6,"column":27},"end":{"line":6,"column":28}},"loc":{"start":{"line":6,"column":46},"end":{"line":33,"column":1}},"line":6}},"branchMap":{"0":{"loc":{"start":{"line":11,"column":8},"end":{"line":28,"column":9}},"type":"if","locations":[{"start":{"line":11,"column":8},"end":{"line":28,"column":9}},{"start":{"line":11,"column":8},"end":{"line":28,"column":9}}],"line":11},"1":{"loc":{"start":{"line":11,"column":12},"end":{"line":11,"column":95}},"type":"binary-expr","locations":[{"start":{"line":11,"column":12},"end":{"line":11,"column":34}},{"start":{"line":11,"column":36},"end":{"line":11,"column":68}},{"start":{"line":11,"column":70},"end":{"line":11,"column":95}}],"line":11},"2":{"loc":{"start":{"line":22,"column":12},"end":{"line":22,"column":115}},"type":"if","locations":[{"start":{"line":22,"column":12},"end":{"line":22,"column":115}},{"start":{"line":22,"column":12},"end":{"line":22,"column":115}}],"line":22}},"s":{"0":1,"1":1,"2":1,"3":1,"4":0,"5":0,"6":0,"7":0,"8":0,"9":0,"10":0,"11":0,"12":0,"13":0,"14":1},"f":{"0":0},"b":{"0":[0,0],"1":[0,0,0],"2":[0,0]},"_coverageSchema":"1a1c01bbd47fc00a2c39e90264f33305004495a9","hash":"9cbf83334076b6d1b269914d8689a72cbc13ff0c","contentHash":"6f7b004ced8457d7caf7129ae00f5a978303b2e4bc39f3aca785f7701349df18"},"C:\\Users\\manu_\\Desktop\\TestigosJava\\TestigosDeJava-CtrlStockSuperMami\\src\\apis\\storage\\controllers\\putStorage.js":{"path":"C:\\Users\\manu_\\Desktop\\TestigosJava\\TestigosDeJava-CtrlStockSuperMami\\src\\apis\\storage\\controllers\\putStorage.js","statementMap":{"0":{"start":{"line":1,"column":26},"end":{"line":1,"column":60}},"1":{"start":{"line":2,"column":19},"end":{"line":2,"column":55}},"2":{"start":{"line":3,"column":15},"end":{"line":3,"column":32}},"3":{"start":{"line":4,"column":18},"end":{"line":4,"column":53}},"4":{"start":{"line":5,"column":12},"end":{"line":5,"column":26}},"5":{"start":{"line":8,"column":15},"end":{"line":11,"column":2}},"6":{"start":{"line":13,"column":19},"end":{"line":48,"column":1}},"7":{"start":{"line":15,"column":2},"end":{"line":47,"column":3}},"8":{"start":{"line":16,"column":18},"end":{"line":16,"column":36}},"9":{"start":{"line":18,"column":20},"end":{"line
[...]
},"2":{"start":{"line":4,"column":18},"end":{"line":21,"column":1}},"3":{"start":{"line":5,"column":2},"end":{"line":20,"column":3}},"4":{"start":{"line":6,"column":23},"end":{"line":6,"column":32}},"5":{"start":{"line":7,"column":4},"end":{"line":17,"column":5}},"6":{"start":{"line":9,"column":21},"end":{"line":9,"column":45}},"7":{"start":{"line":11,"column":6},"end":{"line":11,"column":42}},"8":{"start":{"line":15,"column":20},"end":{"line":15,"column":52}},"9":{"start":{"line":16,"column":6},"end":{"line":16,"column":41}},"10":{"start":{"line":19,"column":4},"end":{"line":19,"column":74}},"11":{"start":{"line":23,"column":0},"end":{"line":23,"column":27}}},"fnMap":{"0":{"name":"(anonymous_0)","decl":{"start":{"line":4,"column":18},"end":{"line":4,"column":19}},"loc":{"start":{"line":4,"column":38},"end":{"line":21,"column":1}},"line":4}},"branchMap":{"0":{"loc":{"start":{"line":7,"column":4},"end":{"line":17,"column":5}},"type":"if","locations":[{"start":{"line":7,"column":4},"end":{"line":17,"column":5}},{"start":{"line":7,"column":4},"end":{"line":17,"column":5}}],"line":7}},"s":{"0":1,"1":1,"2":1,"3":0,"4":0,"5":0,"6":0,"7":0,"8":0,"9":0,"10":0,"11":1},"f":{"0":0},"b":{"0":[0,0]},"_coverageSchema":"1a1c01bbd47fc00a2c39e90264f33305004495a9","hash":"cc7fb96d00f95e93261a3c12cb403b658d8a284f","contentHash":"933f9121303c14baa40d0687a9fc75dbf7ae36aebfb6a5e1c03a38d065cb983c"},"C:\\Users\\manu_\\Desktop\\TestigosJava\\TestigosDeJava-CtrlStockSuperMami\\src\\models\\stock.js":{"path":"C:\\Users\\manu_\\Desktop\\TestigosJava\\TestigosDeJava-CtrlStockSuperMami\\src\\models\\stock.js","statementMap":{"0":{"start":{"line":1,"column":17},"end":{"line":1,"column":36}},"1":{"start":{"line":2,"column":16},"end":{"line":2,"column":43}},"2":{"start":{"line":3,"column":15},"end":{"line":3,"column":30}},"3":{"start":{"line":5,"column":0},"end":{"line":7,"column":1}},"4":{"start":{"line":6,"column":4},"end":{"line":6,"column":32}},"5":{"start":{"line":9,"column":19},"end":{"line":9,"column":27}},"6":{"start":{"line":10,"column":20},"end":{"line":44,"column":14}},"7":{"start":{"line":47,"column":0},"end":{"line":47,"column":33}}},"fnMap":{},"branchMap":{"0":{"loc":{"start":{"line":5,"column":0},"end":{"line":7,"column":1}},"type":"if","locations":[{"start":{"line":5,"column":0},"end":{"line":7,"column":1}},{"start":{"line":5,"column":0},"end":{"line":7,"column":1}}],"line":5}},"s":{"0":1,"1":1,"2":1,"3":1,"4":0,"5":1,"6":1,"7":1},"f":{},"b":{"0":[0,1]},"_coverageSchema":"1a1c01bbd47fc00a2c39e90264f33305004495a9","hash":"5fd309e9a345a5ac195dc1cb27a0069e89a2760b","contentHash":"56655cc1f4299519d32a5fee447d307a5c49f32a7ab16da7e9dd9616f309ad30"},"C:\\Users\\manu_\\Desktop\\TestigosJava\\TestigosDeJava-CtrlStockSuperMami\\src\\apis\\stock\\controllers\\postStock.js":{"path":"C:\\Users\\manu_\\Desktop\\TestigosJava\\TestigosDeJava-CtrlStockSuperMami\\src\\apis\\stock\\controllers\\postStock.js","statementMap":{"0":{"start":{"line":1,"column":19},"end":{"line":1,"column":55}},"1":{"start":{"line":2,"column":12},"end":{"line":2,"column":26}},"2":{"start":{"line":3,"column":18},"end":{"line":3,"column":53}},"3":{"start":{"line":4,"column":15},"end":{"line":4,"column":32}},"4":{"start":{"line":5,"column":24},"end":{"line":5,"column":56}},"5":{"start":{"line":6,"column":23},"end":{"line":6,"column":54}},"6":{"start":{"line":9,"column":15},"end":{"line":15,"column":2}},"7":{"start":{"line":17,"column":18},"end":{"line":46,"column":1}},"8":{"start":{"line":18,"column":4},"end":{"line":45,"column":5}},"9":{"start":{"line":19,"column":22},"end":{"line":19,"column":40}},"10":{"start":{"line":21,"column":24},"end":{"line":21,"column":57}},"11":{"start":{"line":22,"column":8},"end":{"line":22,"column":87}},"12":{"start":{"line":22,"column":25},"end":{"line":22,"column":87}},"13":{"start":{"line":24,"column":22},"end":{"line":24,"column":77}},"14":{"start":{"line":26,"column":8},"end":{"line":26,"column":161}},"15":{"start":{"line":26,"column":25},"end":{"line":26,"column":161}},"16":{"start":{"line":28,"column":21},"end":{"line":28,"column":74}},"17":{"start":{"line":30,"column":22},"end":{"line":34,"column":10}},"18":{"start":{"line":36,"column":20},"end":{"line":36,"column":40}},"19":{"start":{"line":38,"column":8},"end":{"line":38,"column":78}},"20":{"start":{"line":38,"column":17},"end":{"line":38,"column":78}},"21":{"start":{"line":40,"column":8},"end":{"line":40,"column":27}},"22":{"start":{"line":42,"column":8},"end":{"line":42,"column":76}},"23":{"start":{"line":44,"column":8},"end":{"line":44,"column":78}},"24":{"start":{"line":48,"column":0},"end":{"line":48,"column":27}}},"fnMap":{"0":{"name":"(anonymous_0)","decl":{"start":{"line":17,"column":18},"end":{"line":17,"column":19}},"loc":{"start":{"line":17,"column":38},"end":{"line":46,"column":1}},"line":17}},"branchMap":{"0":{"loc":{"start":{"line":22,"column":8},"end":{"line":22,"column":87}},"type":"if","locations":[{"start":{"line":22,"column":8},"end":{"line":22,"column":87}},{"start":{"line":22,"column":8},"end":{"line":22,"column":87}}],"line":22},"1":{"loc":{"start":{"line":26,"column":8},"end":{"line":26,"column":161}},"type":"if","locations":[{"start":{"line":26,"column":8},"end":{"line":26,"column":161}},{"start":{"line":26,"column":8},"end":{"line":26,"column":161}}],"line":26},"2":{"loc":{"start":{"line":38,"column":8},"end":{"line":38,"column":78}},"type":"if","locations":[{"start":{"line":38,"column":8},"end":{"line":38,"column":78}},{"start":{"line":38,"column":8},"end":{"line":38,"column":78}}],"line":38}},"s":{"0":1,"1":1,"2":1,"3":1,"4":1,"5":1,"6":1,"7":1,"8":0,"9":0,"10":0,"11":0,"12":0,"13":0,"14":0,"15":0,"16":0,"17":0,"18":0,"19":0,"20":0,"21":0,"22":0,"23":0,"24":1},"f":{"0":0},"b":{"0":[0,0],"1":[0,0],"2":[0,0]},"_coverageSchema":"1a1c01bbd47fc00a2c39e90264f33305004495a9","hash":"6b592b5f54e8394a50378a014e417a95f1b5b86d","contentHash":"95068b163a9c073ec549964c36b0caa620fa486464dd8e754dc894f8ab28113b"},"C:\\Users\\manu_\\Desktop\\TestigosJava\\TestigosDeJava-CtrlStockSuperMami\\src\\apis\\report\\index.js":{"path":"C:\\Users\\manu_\\Desktop\\TestigosJava\\TestigosDeJava-CtrlStockSuperMami\\src\\apis\\report\\index.js","statementMap":{"0":{"start":{"line":1,"column":16},"end":{"line":1,"column":34}},"1":{"start":{"line":2,"column":36},"end":{"line":2,"column":64}},"2":{"start":{"line":3,"column":18},"end":{"line":3,"column":50}},"3":{"start":{"line":4,"column":16},"end":{"line":4,"column":45}},"4":{"start":{"line":7,"column":15},"end":{"line":7,"column":31}},"5":{"start":{"line":9,"column":0},"end":{"line":9,"column":65}},"6":{"start":{"line":10,"column":0},"end":{"line":10,"column":57}},"7":{"start":{"line":12,"column":0},"end":{"line":12,"column":24}}},"fnMap":{},"branchMap":{},"s":{"0":1,"1":1,"2":1,"3":1,"4":1,"5":1,"6":1,"7":1},"f":{},"b":{},"_coverageSchema":"1a1c01bbd47fc00a2c39e90264f33305004495a9","hash":"755f13c875b4197a3cf5fd78af6b4b342c96eb74","contentHash":"330f6da326b2fdf4d33057d46a9970492b657aeb1267249194248f8376c1c03e"},"C:\\Users\\manu_\\Desktop\\TestigosJava\\TestigosDeJava-CtrlStockSuperMami\\src\\apis\\report\\controllers\\mostE-E.js":{"path":"C:\\Users\\manu_\\Desktop\\TestigosJava\\TestigosDeJava-CtrlStockSuperMami\\src\\apis\\report\\controllers\\mostE-E.js","statementMap":{"0":{"start":{"line":1,"column":23},"end":{"line":1,"column":54}},"1":{"start":{"line":2,"column":19},"end":{"line":2,"column":55}},"2":{"start":{"line":3,"column":8},"end":{"line":3,"column":25}},"3":{"start":{"line":5,"column":18},"end":{"line":25,"column":1}},"4":{"start":{"line":6,"column":4},"end":{"line":24,"column":5}},"5":{"start":{"line":8,"column":26},"end":{"line":8,"column":36}},"6":{"start":{"line":10,"column":21},"end":{"line":10,"column":46}},"7":{"start":{"line":12,"column":20},"end":{"line":12,"column":22}},"8":{"start":{"line":14,"column":8},"end":{"line":16,"column":9}},"9":{"start":{"line":15,"column":12},"end":{"line":15,"column":26}},"10":{"start":{"line":18,"column":23},"end":{"line":18,"column":76}},"11":{"start":{"line":20,"column":8},"end":{"line":20,"column":44}},"12":{"start":{"line":23,"column":8},"end":{"line":23,"column":78}},"13":{"start":{"line":27,"column":0},"end":{"line":27,"column":27}}},"fnMap":{"0":{"name":"(anonymous_0)","decl":{"start":{"line":5,"column":18},"end":{"line":5,"column":19}},"loc":{"start":{"line":5,"column":38},"end":{"line":25,"column":1}},"line":5}},"branchMap":{},"s":{"0":1,"1":1,"2":1,"3":1,"4":0,"5":0,"6":0,"7":0,"8":0,"9":0,"10":0,"11":0,"12":0,"13":1},"f":{"0":0},"b":{},"_coverageSchema":"1a1c01bbd47fc00a2c39e90264f33305004495a9","hash":"7a9ad21da95273bce5e5399d6af68d7d52ff367d","contentHash":"afe4116085ca264484835981c860bb353f4c6e33cdf1e6f1579723172d748adc"},"C:\\Users\\manu_\\Desktop\\TestigosJava\\TestigosDeJava-CtrlStockSuperMami\\src\\apis\\report\\controllers\\repo.js":{"path":"C:\\Users\\manu_\\Desktop\\TestigosJava\\TestigosDeJava-CtrlStockSuperMami\\src\\apis\\report\\controllers\\repo.js","statementMap":{"0":{"start":{"line":1,"column":24},"end":{"line":1,"column":56}},"1":{"start":{"line":2,"column":19},"end":{"line":2,"column":55}},"2":{"start":{"line":4,"column":16},"end":{"line":20,"column":1}},"3":{"start":{"line":5,"column":4},"end":{"line":19,"column":5}},"4":{"start":{"line":7,"column":21},"end":{"line":7,"column":23}},"5":{"start":{"line":8,"column":22},"end":{"line":8,"column":48}},"6":{"start":{"line":10,"column":8},"end":{"line":14,"column":9}},"7":{"start":{"line":11,"column":12},"end":{"line":13,"column":13}},"8":{"start":{"line":12,"column":16},"end":{"line":12,"column":29}},"9":{"start":{"line":16,"column":8},"end":{"line":16,"column":42}},"10":{"start":{"line":18,"column":8},"end":{"line":18,"column":78}},"11":{"start":{"line":22,"column":0},"end":{"line":22,"column":25}}},"fnMap":{"0":{"name":"(anonymous_0)","decl":{"start":{"line":4,"column":16},"end":{"line":4,"column":17}},"loc":{"start":{"line":4,"column":36},"end":{"line":20,"column":1}},"line":4}},"branchMap":{"0":{"loc":{"start":{"line":11,"column":12},"end":{"line":13,"column":13}},"type":"if","locations":[{"start":{"line":11,"column":12},"end":{"line":13,"column":13}},{"start":{"line":11,"column":12},"end":{"line":13,"column":13}}],"line":11},"1":{"loc":{"start":{"line":11,"column":16},"end":{"line":11,"column":66}},"type":"binary-expr","locations":[{"start":{"line":11,"column":16},"end":{"line":11,"column":35}},{"start":{"line":11,"column":39},"end":{"line":11,"column":66}}],"line":11}},"s":{"0":1,"1":1,"2":1,"3":0,"4":0,"5":0,"6":0,"7":0,"8":0,"9":0,"10":0,"11":1},"f":{"0":0},"b":{"0":[0,0],"1":[0,0]},"_coverageSchema":"1a1c01bbd47fc00a2c39e90264f33305004495a9","hash":"5bbbb670a3cad78129a0f34dceba89f3ee32d838","contentHash":"6c70c741081b29dc39f6eb6c7ec568c5c964844fa9a61f1f3b3ef4e636a43ccc"},"C:\\Users\\manu_\\Desktop\\TestigosJava\\TestigosDeJava-CtrlStockSuperMami\\src\\apis\\adjustment\\index.js":{"path":"C:\\Users\\manu_\\Desktop\\TestigosJava\\TestigosDeJava-CtrlStockSuperMami\\src\\apis\\adjustment\\index.js","statementMap":{"0":{"start":{"line":1,"column":16},"end":{"line":1,"column":34}},"1":{"start":{"line":2,"column":36},"end":{"line":2,"column":64}},"2":{"start":{"line":3,"column":22},"end":{"line":3,"column":60}},"3":{"start":{"line":4,"column":23},"end":{"line":4,"column":62}},"4":{"start":{"line":6,"column":15},"end":{"line":6,"column":31}},"5":{"start":{"line":8,"column":0},"end":{"line":8,"column":65}},"6":{"start":{"line":9,"column":0},"end":{"line":9,"column":56}},"7":{"start":{"line":11,"column":0},"end":{"line":11,"column":24}}},"fnMap":{},"branchMap":{},"s":{"0":1,"1":1,"2":1,"3":1,"4":1,"5":1,"6":1,"7":1},"f":{},"b":{},"_coverageSchema":"1a1c01bbd47fc00a2c39e90264f33305004495a9","hash":"365d6e332d5633253911877607a5fd71ee6a00fa","contentHash":"057024b83a0f38cf4e9dac0d75dde586b830443936e7c9b791ae091cabcfe41c"},"C:\\Users\\manu_\\Desktop\\TestigosJava\\TestigosDeJava-CtrlStockSuperMami\\src\\apis\\adjustment\\controllers\\getAdjustment.js":{"path":"C:\\Users\\manu_\\Desktop\\TestigosJava\\TestigosDeJava-CtrlStockSuperMami\\src\\apis\\adjustment\\controllers\\getAdjustment.js","statementMap":{"0":{"start":{"line":1,"column":29},"end":{"line":1,"column":66}},"1":{"start":{"line":2,"column":19},"end":{"line":2,"column":55}},"2":{"start":{"line":4,"column":22},"end":{"line":37,"column":1}},"3":{"start":{"line":6,"column":4},"end":{"line":36,"column":5}},"4":{"start":{"line":8,"column":22},"end":{"line":8,"column":40}},"5":{"start":{"line":10,"column":8},"end":{"line":30,"column":9}},"6":{"start":{"line":12,"column":28},"end":{"line":12,"column":37}},"7":{"start":{"line":14,"column":12},"end":{"line":25,"column":13}},"8":{"start":{"line":16,"column":36},"end":{"line":16,"column":65}},"9":{"start":{"line":18,"column":16},"end":{"line":18,"column":57}},"10":{"start":{"line":20,"column":19},"end":{"line":25,"column":13}},"11":{"start":{"line":22,"column":35},"end":{"line":22,"column":71}},"12":{"start":{"line":24,"column":16},"end":{"line":24,"column":56}},"13":{"start":{"line":29,"column":12},"end":{"line":29,"column":87}},"14":{"start":{"line":34,"column":8},"end":{"line":34,"column":78}},"15":{"start":{"line":39,"column":0},"end":{"line":39,"column":31}}},"fnMap":{"0":{"name":"(anonymous_0)","decl":{"start":{"line":4,"column":22},"end":{"line":4,"column":23}},"loc":{"start":{"line":4,"column":42},"end":{"line":37,"column":1}},"line":4}},"branchMap":{"0":{"loc":{"start":{"line":10,"column":8},"end":{"line":30,"column":9}},"type":"if","locations":[{"start":{"line":10,"column":8},"end":{"line":30,"column":9}},{"start":{"line":10,"column":8},"end":{"line":30,"column":9}}],"line":10},"1":{"loc":{"start":{"line":10,"column":12},"end":{"line":10,"column":70}},"type":"binary-expr","locations":[{"start":{"line":10,"column":12},"end":{"line":10,"column":34}},{"start":{"line":10,"column":38},"end":{"line":10,"column":70}}],"line":10},"2":{"loc":{"start":{"line":14,"column":12},"end":{"line":25,"column":13}},"type":"if","locations":[{"start":{"line":14,"column":12},"end":{"line":25,"column":13}},{"start":{"line":14,"column":12},"end":{"line":25,"column":13}}],"line":14},"3":{"loc":{"start":{"line":20,"column":19},"end":{"line":25,"column":13}},"type":"if","locations":[{"start":{"line":20,"column":19},"end":{"line":25,"column":13}},{"start":{"line":20,"column":19},"end":{"line":25,"column":13}}],"line":20}},"s":{"0":1,"1":1,"2":1,"3":0,"4":0,"5":0,"6":0,"7":0,"8":0,"9":0,"10":0,"11":0,"12":0,"13":0,"14":0,"15":1},"f":{"0":0},"b":{"0":[0,0],"1":[0,0],"2":[0,0],"3":[0,0]},"_coverageSchema":"1a1c01bbd47fc00a2c39e90264f33305004495a9","hash":"ccd996d46579661fd3ee1da87cf5c93b7293c528","contentHash":"271ac97775ef431c4114b1488eba362a60aeaf919efb2a9ef5a0c54d5b9f85cb"},"C:\\Users\\manu_\\Desktop\\TestigosJava\\TestigosDeJava-CtrlStockSuperMami\\src\\models\\adjustment.js":{"path":"C:\\Users\\manu_\\Desktop\\TestigosJava\\TestigosDeJava-CtrlStockSuperMami\\src\\models\\adjustment.js","statementMap":{"0":{"start":{"line":1,"column":17},"end":{"line":1,"column":36}},"1":{"start":{"line":2,"column":16},"end":{"line":2,"column":43}},"2":{"start":{"line":3,"column":15},"end":{"line":3,"column":30}},"3":{"start":{"line":5,"column":0},"end":{"line":7,"column":1}},"4":{"start":{"line":6,"column":4},"end":{"line":6,"column":32}},"5":{"start":{"line":9,"column":19},"end":{"line":9,"column":32}},"6":{"start":{"line":10,"column":25},"end":{"line":54,"column":14}},"7":{"start":{"line":57,"column":0},"end":{"line":57,"column":38}}},"fnMap":{},"branchMap":{"0":{"loc":{"start":{"line":5,"column":0},"end":{"line":7,"column":1}},"type":"if","locations":[{"start":{"line":5,"column":0},"end":{"line":7,"column":1}},{"start":{"line":5,"column":0},"end":{"line":7,"column":1}}],"line":5}},"s":{"0":1,"1":1,"2":1,"3":1,"4":0,"5":1,"6":1,"7":1},"f":{},"b":{"0":[0,1]},"_coverageSchema":"1a1c01bbd47fc00a2c39e90264f33305004495a9","hash":"ec67e1913b6348e448eeb48bc1b0485544fb119b","contentHash":"6a9cb044f066c04b32542558e137fa8f3397106d6714368592de52f725e7f1fa"},"C:\\Users\\manu_\\Desktop\\TestigosJava\\TestigosDeJava-CtrlStockSuperMami\\src\\apis\\adjustment\\controllers\\postAdjustment.js":{"path":"C:\\Users\\manu_\\Desktop\\TestigosJava\\TestigosDeJava-CtrlStockSuperMami\\src\\apis\\adjustment\\controllers\\postAdjustment.js","statementMap":{"0":{"start":{"line":1,"column":29},"end":{"line":1,"column":66}},"1":{"start":{"line":2,"column":28},"end":{"line":2,"column":64}},"2":{"start":{"line":3,"column":24},"end":{"line":3,"column":56}},"3":{"start":{"line":4,"column":19},"end":{"line":4,"column":55}},"4":{"start":{"line":5,"column":15},"end":{"line":5,"column":32}},"5":{"start":{"line":8,"column":23},"end":{"line":69,"column":1}},"6":{"start":{"line":9,"column":4},"end":{"line":68,"column":5}},"7":{"start":{"line":10,"column":22},"end":{"line":10,"column":40}},"8":{"start":{"line":12,"column":24},"end":{"line":12,"column":34}},"9":{"start":{"line":14,"column":8},"end":{"line":65,"column":9}},"10":{"start":{"line":16,"column":30},"end":{"line":16,"column":65}},"11":{"start":{"line":18,"column":12},"end":{"line":18,"column":139}},"12":{"start":{"line":18,"column":28},"end":{"line":18,"column":139}},"13":{"start":{"line":20,"column":26},"end":{"line":20,"column":81}},"14":{"start":{"line":22,"column":12},"end":{"line":22,"column":144}},"15":{"start":{"line":22,"column":24},"end":{"line":22,"column":144}},"16":{"start":{"line":24,"column":12},"end":{"line":33,"column":14}},"17":{"start":{"line":35,"column":12},"end":{"line":42,"column":14}},"18":{"start":{"line":44,"column":31},"end":{"line":54,"column":14}},"19":{"start":{"line":56,"column":24},"end":{"line":56,"column":49}},"20":{"start":{"line":57,"column":12},"end":{"line":57,"column":82}},"21":{"start":{"line":57,"column":21},"end":{"line":57,"column":82}},"22":{"start":{"line":59,"column":12},"end":{"line":59,"column":36}},"23":{"start":{"line":61,"column":12},"end":{"line":61,"column":81}},"24":{"start":{"line":64,"column":12},"end":{"line":64,"column":87}},"25":{"start":{"line":67,"column":8},"end":{"line":67,"column":78}},"26":{"start":{"line":71,"column":0},"end":{"line":71,"column":32}}},"fnMap":{"0":{"name":"(anonymous_0)","decl":{"start":{"line":8,"column":23},"end":{"line":8,"column":24}},"loc":{"start":{"line":8,"column":43},"end":{"line":69,"column":1}},"line":8}},"branchMap":{"0":{"loc":{"start":{"line":14,"column":8},"end":{"line":65,"column":9}},"type":"if","locations":[{"start":{"line":14,"column":8},"end":{"line":65,"column":9}},{"start":{"line":14,"column":8},"end":{"line":65,"column":9}}],"line":14},"1":{"loc":{"start":{"line":14,"column":12},"end":{"line":14,"column":70}},"type":"binary-expr","locations":[{"start":{"line":14,"column":12},"end":{"line":14,"column":44}},{"start":{"line":14,"column":48},"end":{"line":14,"column":70}}],"line":14},"2":{"loc":{"start":{"line":18,"column":12},"end":{"line":18,"column":139}},"type":"if","locations":[{"start":{"line":18,"column":12},"end":{"line":18,"column":139}},{"start":{"line":18,"column":12},"end":{"line":18,"column":139}}],"line":18},"3":{"loc":{"start":{"line":22,"column":12},"end":{"line":22,"column":144}},"type":"if","locations":[{"start":{"line":22,"column":12},"end":{"line":22,"column":144}},{"start":{"line":22,"column":12},"end":{"line":22,"column":144}}],"line":22},"4":{"loc":{"start":{"line":57,"column":12},"end":{"line":57,"column":82}},"type":"if","locations":[{"start":{"line":57,"column":12},"end":{"line":57,"column":82}},{"start":{"line":57,"column":12},"end":{"line":57,"column":82}}],"line":57}},"s":{"0":1,"1":1,"2":1,"3":1,"4":1,"5":1,"6":0,"7":0,"8":0,"9":0,"10":0,"11":0,"12":0,"13":0,"14":0,"15":0,"16":0,"17":0,"18":0,"19":0,"20":0,"21":0,"22":0,"23":0,"24":0,"25":0,"26":1},"f":{"0":0},"b":{"0":[0,0],"1":[0,0],"2":[0,0],"3":[0,0],"4":[0,0]},"_coverageSchema":"1a1c01bbd47fc00a2c39e90264f33305004495a9","hash":"b786ef39455520f6ea0f3362d792c9f22433e90a","contentHash":"5ede56410d34ef85a69f17c51b1db9b6a9fd55ea1317644f28fa7b71e9967b50"}}